{"/home/travis/build/npmtest/node-npmtest-alt/test.js":{"path":"/home/travis/build/npmtest/node-npmtest-alt/test.js","s":{"1":2,"2":2,"3":2,"4":2,"5":2,"6":2,"7":2,"8":1,"9":2,"10":2,"11":1,"12":1,"13":1,"14":1,"15":2,"16":2,"17":2,"18":2,"19":1,"20":1,"21":2,"22":2,"23":2,"24":1,"25":1,"26":1,"27":1,"28":1,"29":1,"30":1,"31":1,"32":1,"33":1,"34":1,"35":1,"36":1,"37":1,"38":1,"39":2,"40":2,"41":1,"42":2,"43":2,"44":1,"45":2,"46":2,"47":1,"48":2,"49":2,"50":1,"51":1,"52":1,"53":1,"54":1},"b":{"1":[2,1,1,1],"2":[1,1,1,1],"3":[1,1],"4":[1,1],"5":[1,1],"6":[1,1],"7":[1,1],"8":[1,1],"9":[1,1],"10":[1,1,1],"11":[1,1],"12":[1,1],"13":[1,1],"14":[1,1],"15":[1,1],"16":[1,1],"17":[1,1]},"f":{"1":2,"2":2,"3":2,"4":2,"5":2,"6":1,"7":1,"8":1,"9":2,"10":2,"11":2,"12":2,"13":1},"fnMap":{"1":{"name":"(anonymous_1)","line":12,"loc":{"start":{"line":12,"column":1},"end":{"line":12,"column":13}}},"2":{"name":"(anonymous_2)","line":19,"loc":{"start":{"line":19,"column":5},"end":{"line":19,"column":17}}},"3":{"name":"(anonymous_3)","line":23,"loc":{"start":{"line":23,"column":24},"end":{"line":23,"column":36}}},"4":{"name":"(anonymous_4)","line":61,"loc":{"start":{"line":61,"column":5},"end":{"line":61,"column":17}}},"5":{"name":"(anonymous_5)","line":82,"loc":{"start":{"line":82,"column":5},"end":{"line":82,"column":17}}},"6":{"name":"(anonymous_6)","line":91,"loc":{"start":{"line":91,"column":77},"end":{"line":94,"column":10}}},"7":{"name":"(anonymous_7)","line":112,"loc":{"start":{"line":112,"column":83},"end":{"line":115,"column":10}},"skip":true},"8":{"name":"(anonymous_8)","line":123,"loc":{"start":{"line":123,"column":77},"end":{"line":126,"column":10}},"skip":true},"9":{"name":"(anonymous_9)","line":139,"loc":{"start":{"line":139,"column":12},"end":{"line":139,"column":40}},"skip":true},"10":{"name":"(anonymous_10)","line":147,"loc":{"start":{"line":147,"column":77},"end":{"line":150,"column":10}},"skip":true},"11":{"name":"(anonymous_11)","line":158,"loc":{"start":{"line":158,"column":83},"end":{"line":161,"column":10}},"skip":true},"12":{"name":"(anonymous_12)","line":169,"loc":{"start":{"line":169,"column":79},"end":{"line":172,"column":10}},"skip":true},"13":{"name":"(anonymous_13)","line":180,"loc":{"start":{"line":180,"column":75},"end":{"line":183,"column":10}},"skip":true}},"statementMap":{"1":{"start":{"line":12,"column":0},"end":{"line":195,"column":5}},"2":{"start":{"line":14,"column":4},"end":{"line":14,"column":14}},"3":{"start":{"line":19,"column":4},"end":{"line":56,"column":9}},"4":{"start":{"line":21,"column":8},"end":{"line":21,"column":19}},"5":{"start":{"line":23,"column":8},"end":{"line":35,"column":13}},"6":{"start":{"line":24,"column":12},"end":{"line":34,"column":13}},"7":{"start":{"line":25,"column":16},"end":{"line":28,"column":30}},"8":{"start":{"line":30,"column":16},"end":{"line":33,"column":27}},"9":{"start":{"line":37,"column":8},"end":{"line":39,"column":21}},"10":{"start":{"line":40,"column":8},"end":{"line":53,"column":9}},"11":{"start":{"line":43,"column":12},"end":{"line":46,"column":14}},"12":{"start":{"line":47,"column":12},"end":{"line":47,"column":18}},"13":{"start":{"line":50,"column":12},"end":{"line":51,"column":33}},"14":{"start":{"line":52,"column":12},"end":{"line":52,"column":18}},"15":{"start":{"line":55,"column":8},"end":{"line":55,"column":35}},"16":{"start":{"line":61,"column":4},"end":{"line":63,"column":9}},"17":{"start":{"line":62,"column":8},"end":{"line":62,"column":15}},"18":{"start":{"line":64,"column":4},"end":{"line":77,"column":5}},"19":{"start":{"line":70,"column":8},"end":{"line":70,"column":14}},"20":{"start":{"line":76,"column":8},"end":{"line":76,"column":14}},"21":{"start":{"line":82,"column":4},"end":{"line":84,"column":9}},"22":{"start":{"line":83,"column":8},"end":{"line":83,"column":15}},"23":{"start":{"line":85,"column":4},"end":{"line":194,"column":5}},"24":{"start":{"line":91,"column":8},"end":{"line":99,"column":10}},"25":{"start":{"line":98,"column":12},"end":{"line":98,"column":35}},"26":{"start":{"line":102,"column":8},"end":{"line":104,"column":63}},"27":{"start":{"line":105,"column":8},"end":{"line":105,"column":14}},"28":{"start":{"line":112,"column":8},"end":{"line":121,"column":10},"skip":true},"29":{"start":{"line":119,"column":12},"end":{"line":119,"column":55},"skip":true},"30":{"start":{"line":120,"column":12},"end":{"line":120,"column":48},"skip":true},"31":{"start":{"line":123,"column":8},"end":{"line":136,"column":10},"skip":true},"32":{"start":{"line":130,"column":12},"end":{"line":130,"column":76},"skip":true},"33":{"start":{"line":131,"column":12},"end":{"line":131,"column":73},"skip":true},"34":{"start":{"line":132,"column":12},"end":{"line":132,"column":74},"skip":true},"35":{"start":{"line":133,"column":12},"end":{"line":133,"column":79},"skip":true},"36":{"start":{"line":134,"column":12},"end":{"line":134,"column":25},"skip":true},"37":{"start":{"line":135,"column":12},"end":{"line":135,"column":45},"skip":true},"38":{"start":{"line":138,"column":8},"end":{"line":145,"column":14},"skip":true},"39":{"start":{"line":143,"column":16},"end":{"line":143,"column":29},"skip":true},"40":{"start":{"line":144,"column":16},"end":{"line":144,"column":55},"skip":true},"41":{"start":{"line":147,"column":8},"end":{"line":156,"column":10},"skip":true},"42":{"start":{"line":154,"column":12},"end":{"line":154,"column":25},"skip":true},"43":{"start":{"line":155,"column":12},"end":{"line":155,"column":45},"skip":true},"44":{"start":{"line":158,"column":8},"end":{"line":167,"column":10},"skip":true},"45":{"start":{"line":165,"column":12},"end":{"line":165,"column":25},"skip":true},"46":{"start":{"line":166,"column":12},"end":{"line":166,"column":48},"skip":true},"47":{"start":{"line":169,"column":8},"end":{"line":178,"column":10},"skip":true},"48":{"start":{"line":176,"column":12},"end":{"line":176,"column":25},"skip":true},"49":{"start":{"line":177,"column":12},"end":{"line":177,"column":46},"skip":true},"50":{"start":{"line":180,"column":8},"end":{"line":189,"column":10},"skip":true},"51":{"start":{"line":187,"column":12},"end":{"line":187,"column":94},"skip":true},"52":{"start":{"line":188,"column":12},"end":{"line":188,"column":48},"skip":true},"53":{"start":{"line":192,"column":8},"end":{"line":192,"column":35},"skip":true},"54":{"start":{"line":193,"column":8},"end":{"line":193,"column":14},"skip":true}},"branchMap":{"1":{"line":25,"type":"binary-expr","locations":[{"start":{"line":25,"column":23},"end":{"line":25,"column":62}},{"start":{"line":26,"column":20},"end":{"line":26,"column":70}},{"start":{"line":27,"column":20},"end":{"line":27,"column":71}},{"start":{"line":28,"column":20},"end":{"line":28,"column":29}}]},"2":{"line":30,"type":"binary-expr","locations":[{"start":{"line":30,"column":23},"end":{"line":30,"column":37}},{"start":{"line":31,"column":20},"end":{"line":31,"column":61}},{"start":{"line":32,"column":20},"end":{"line":32,"column":70}},{"start":{"line":33,"column":20},"end":{"line":33,"column":26}}]},"3":{"line":37,"type":"cond-expr","locations":[{"start":{"line":38,"column":14},"end":{"line":38,"column":20}},{"start":{"line":39,"column":14},"end":{"line":39,"column":20}}]},"4":{"line":40,"type":"switch","locations":[{"start":{"line":42,"column":8},"end":{"line":47,"column":18}},{"start":{"line":49,"column":8},"end":{"line":52,"column":18}}]},"5":{"line":44,"type":"binary-expr","locations":[{"start":{"line":44,"column":16},"end":{"line":44,"column":44}},{"start":{"line":44,"column":48},"end":{"line":44,"column":66}}]},"6":{"line":50,"type":"binary-expr","locations":[{"start":{"line":50,"column":21},"end":{"line":50,"column":49}},{"start":{"line":50,"column":53},"end":{"line":50,"column":72}}]},"7":{"line":64,"type":"switch","locations":[{"start":{"line":69,"column":4},"end":{"line":70,"column":14}},{"start":{"line":75,"column":4},"end":{"line":76,"column":14}}]},"8":{"line":85,"type":"switch","locations":[{"start":{"line":90,"column":4},"end":{"line":105,"column":14}},{"start":{"line":111,"column":4},"end":{"line":193,"column":14},"skip":true}]},"9":{"line":91,"type":"binary-expr","locations":[{"start":{"line":91,"column":42},"end":{"line":91,"column":73}},{"start":{"line":91,"column":77},"end":{"line":99,"column":9}}]},"10":{"line":102,"type":"binary-expr","locations":[{"start":{"line":102,"column":18},"end":{"line":102,"column":32}},{"start":{"line":103,"column":12},"end":{"line":103,"column":53}},{"start":{"line":104,"column":12},"end":{"line":104,"column":61}}]},"11":{"line":112,"type":"binary-expr","locations":[{"start":{"line":112,"column":45},"end":{"line":112,"column":79},"skip":true},{"start":{"line":112,"column":83},"end":{"line":121,"column":9},"skip":true}]},"12":{"line":123,"type":"binary-expr","locations":[{"start":{"line":123,"column":42},"end":{"line":123,"column":73},"skip":true},{"start":{"line":123,"column":77},"end":{"line":136,"column":9},"skip":true}]},"13":{"line":138,"type":"binary-expr","locations":[{"start":{"line":138,"column":48},"end":{"line":138,"column":85},"skip":true},{"start":{"line":139,"column":12},"end":{"line":145,"column":13},"skip":true}]},"14":{"line":147,"type":"binary-expr","locations":[{"start":{"line":147,"column":42},"end":{"line":147,"column":73},"skip":true},{"start":{"line":147,"column":77},"end":{"line":156,"column":9},"skip":true}]},"15":{"line":158,"type":"binary-expr","locations":[{"start":{"line":158,"column":45},"end":{"line":158,"column":79},"skip":true},{"start":{"line":158,"column":83},"end":{"line":167,"column":9},"skip":true}]},"16":{"line":169,"type":"binary-expr","locations":[{"start":{"line":169,"column":43},"end":{"line":169,"column":75},"skip":true},{"start":{"line":169,"column":79},"end":{"line":178,"column":9},"skip":true}]},"17":{"line":180,"type":"binary-expr","locations":[{"start":{"line":180,"column":41},"end":{"line":180,"column":71},"skip":true},{"start":{"line":180,"column":75},"end":{"line":189,"column":9},"skip":true}]}},"code":["/* istanbul instrument in package npmtest_alt */","/*jslint","    bitwise: true,","    browser: true,","    maxerr: 8,","    maxlen: 96,","    node: true,","    nomen: true,","    regexp: true,","    stupid: true","*/","(function () {","    'use strict';","    var local;","","","","    // run shared js-env code - init-before","    (function () {","        // init local","        local = {};","        // init modeJs","        local.modeJs = (function () {","            try {","                return typeof navigator.userAgent === 'string' &&","                    typeof document.querySelector('body') === 'object' &&","                    typeof XMLHttpRequest.prototype.open === 'function' &&","                    'browser';","            } catch (errorCaughtBrowser) {","                return module.exports &&","                    typeof process.versions.node === 'string' &&","                    typeof require('http').createServer === 'function' &&","                    'node';","            }","        }());","        // init global","        local.global = local.modeJs === 'browser'","            ? window","            : global;","        switch (local.modeJs) {","        // re-init local from window.local","        case 'browser':","            local = local.global.utility2.objectSetDefault(","                local.global.utility2_rollup || local.global.local,","                local.global.utility2","            );","            break;","        // re-init local from example.js","        case 'node':","            local = (local.global.utility2_rollup || require('utility2'))","                .requireReadme();","            break;","        }","        // export local","        local.global.local = local;","    }());","","","","    // run shared js-env code - function","    (function () {","        return;","    }());","    switch (local.modeJs) {","","","","    // run browser js-env code - function","    case 'browser':","        break;","","","","    // run node js-env code - function","    case 'node':","        break;","    }","","","","    // run shared js-env code - init-after","    (function () {","        return;","    }());","    switch (local.modeJs) {","","","","    // run browser js-env code - init-after","    case 'browser':","        local.testCase_browser_nullCase = local.testCase_browser_nullCase || function (","            options,","            onError","        ) {","        /*","         * this function will test browsers's null-case handling-behavior-behavior","         */","            onError(null, options);","        };","","        // run tests","        local.nop(local.modeTest &&","            document.querySelector('#testRunButton1') &&","            document.querySelector('#testRunButton1').click());","        break;","","","","    // run node js-env code - init-after","    /* istanbul ignore next */","    case 'node':","        local.testCase_buildApidoc_default = local.testCase_buildApidoc_default || function (","            options,","            onError","        ) {","        /*","         * this function will test buildApidoc's default handling-behavior-behavior","         */","            options = { modulePathList: module.paths };","            local.buildApidoc(options, onError);","        };","","        local.testCase_buildApp_default = local.testCase_buildApp_default || function (","            options,","            onError","        ) {","        /*","         * this function will test buildApp's default handling-behavior-behavior","         */","            local.testCase_buildReadme_default(options, local.onErrorThrow);","            local.testCase_buildLib_default(options, local.onErrorThrow);","            local.testCase_buildTest_default(options, local.onErrorThrow);","            local.testCase_buildCustomOrg_default(options, local.onErrorThrow);","            options = [];","            local.buildApp(options, onError);","        };","","        local.testCase_buildCustomOrg_default = local.testCase_buildCustomOrg_default ||","            function (options, onError) {","            /*","             * this function will test buildCustomOrg's default handling-behavior","             */","                options = {};","                local.buildCustomOrg(options, onError);","            };","","        local.testCase_buildLib_default = local.testCase_buildLib_default || function (","            options,","            onError","        ) {","        /*","         * this function will test buildLib's default handling-behavior","         */","            options = {};","            local.buildLib(options, onError);","        };","","        local.testCase_buildReadme_default = local.testCase_buildReadme_default || function (","            options,","            onError","        ) {","        /*","         * this function will test buildReadme's default handling-behavior-behavior","         */","            options = {};","            local.buildReadme(options, onError);","        };","","        local.testCase_buildTest_default = local.testCase_buildTest_default || function (","            options,","            onError","        ) {","        /*","         * this function will test buildTest's default handling-behavior","         */","            options = {};","            local.buildTest(options, onError);","        };","","        local.testCase_webpage_default = local.testCase_webpage_default || function (","            options,","            onError","        ) {","        /*","         * this function will test webpage's default handling-behavior","         */","            options = { modeCoverageMerge: true, url: local.serverLocalHost + '?modeTest=1' };","            local.browserTest(options, onError);","        };","","        // run test-server","        local.testRunServer(local);","        break;","    }","}());",""],"l":{"12":2,"14":2,"19":2,"21":2,"23":2,"24":2,"25":2,"30":1,"37":2,"40":2,"43":1,"47":1,"50":1,"52":1,"55":2,"61":2,"62":2,"64":2,"70":1,"76":1,"82":2,"83":2,"85":2,"91":1,"98":1,"102":1,"105":1,"112":1,"119":1,"120":1,"123":1,"130":1,"131":1,"132":1,"133":1,"134":1,"135":1,"138":1,"143":2,"144":2,"147":1,"154":2,"155":2,"158":1,"165":2,"166":2,"169":1,"176":2,"177":2,"180":1,"187":1,"188":1,"192":1,"193":1}},"/home/travis/build/npmtest/node-npmtest-alt/lib.npmtest_alt.js":{"path":"/home/travis/build/npmtest/node-npmtest-alt/lib.npmtest_alt.js","s":{"1":2,"2":2,"3":2,"4":2,"5":2,"6":2,"7":2,"8":1,"9":2,"10":2,"11":2,"12":2,"13":1,"14":1,"15":1,"16":1},"b":{"1":[2,1,1,1],"2":[1,1,1,1],"3":[1,1],"4":[2,2],"5":[1,1]},"f":{"1":2,"2":2,"3":2},"fnMap":{"1":{"name":"(anonymous_1)","line":12,"loc":{"start":{"line":12,"column":1},"end":{"line":12,"column":13}}},"2":{"name":"(anonymous_2)","line":19,"loc":{"start":{"line":19,"column":5},"end":{"line":19,"column":17}}},"3":{"name":"(anonymous_3)","line":23,"loc":{"start":{"line":23,"column":24},"end":{"line":23,"column":36}}}},"statementMap":{"1":{"start":{"line":12,"column":0},"end":{"line":53,"column":5}},"2":{"start":{"line":14,"column":4},"end":{"line":14,"column":14}},"3":{"start":{"line":19,"column":4},"end":{"line":52,"column":9}},"4":{"start":{"line":21,"column":8},"end":{"line":21,"column":19}},"5":{"start":{"line":23,"column":8},"end":{"line":35,"column":13}},"6":{"start":{"line":24,"column":12},"end":{"line":34,"column":13}},"7":{"start":{"line":25,"column":16},"end":{"line":28,"column":30}},"8":{"start":{"line":30,"column":16},"end":{"line":33,"column":27}},"9":{"start":{"line":37,"column":8},"end":{"line":39,"column":21}},"10":{"start":{"line":41,"column":8},"end":{"line":41,"column":54}},"11":{"start":{"line":43,"column":8},"end":{"line":43,"column":48}},"12":{"start":{"line":45,"column":8},"end":{"line":51,"column":9}},"13":{"start":{"line":46,"column":12},"end":{"line":46,"column":54}},"14":{"start":{"line":48,"column":12},"end":{"line":48,"column":35}},"15":{"start":{"line":49,"column":12},"end":{"line":49,"column":49}},"16":{"start":{"line":50,"column":12},"end":{"line":50,"column":43}}},"branchMap":{"1":{"line":25,"type":"binary-expr","locations":[{"start":{"line":25,"column":23},"end":{"line":25,"column":62}},{"start":{"line":26,"column":20},"end":{"line":26,"column":70}},{"start":{"line":27,"column":20},"end":{"line":27,"column":71}},{"start":{"line":28,"column":20},"end":{"line":28,"column":29}}]},"2":{"line":30,"type":"binary-expr","locations":[{"start":{"line":30,"column":23},"end":{"line":30,"column":37}},{"start":{"line":31,"column":20},"end":{"line":31,"column":61}},{"start":{"line":32,"column":20},"end":{"line":32,"column":70}},{"start":{"line":33,"column":20},"end":{"line":33,"column":26}}]},"3":{"line":37,"type":"cond-expr","locations":[{"start":{"line":38,"column":14},"end":{"line":38,"column":20}},{"start":{"line":39,"column":14},"end":{"line":39,"column":20}}]},"4":{"line":41,"type":"binary-expr","locations":[{"start":{"line":41,"column":16},"end":{"line":41,"column":44}},{"start":{"line":41,"column":48},"end":{"line":41,"column":53}}]},"5":{"line":45,"type":"if","locations":[{"start":{"line":45,"column":8},"end":{"line":45,"column":8}},{"start":{"line":45,"column":8},"end":{"line":45,"column":8}}]}},"code":["/* istanbul instrument in package npmtest_alt */","/*jslint","    bitwise: true,","    browser: true,","    maxerr: 8,","    maxlen: 96,","    node: true,","    nomen: true,","    regexp: true,","    stupid: true","*/","(function () {","    'use strict';","    var local;","","","","    // run shared js-env code - init-before","    (function () {","        // init local","        local = {};","        // init modeJs","        local.modeJs = (function () {","            try {","                return typeof navigator.userAgent === 'string' &&","                    typeof document.querySelector('body') === 'object' &&","                    typeof XMLHttpRequest.prototype.open === 'function' &&","                    'browser';","            } catch (errorCaughtBrowser) {","                return module.exports &&","                    typeof process.versions.node === 'string' &&","                    typeof require('http').createServer === 'function' &&","                    'node';","            }","        }());","        // init global","        local.global = local.modeJs === 'browser'","            ? window","            : global;","        // init utility2_rollup","        local = local.global.utility2_rollup || local;","        // init lib","        local.local = local.npmtest_alt = local;","        // init exports","        if (local.modeJs === 'browser') {","            local.global.utility2_npmtest_alt = local;","        } else {","            module.exports = local;","            module.exports.__dirname = __dirname;","            module.exports.module = module;","        }","    }());","}());",""],"l":{"12":2,"14":2,"19":2,"21":2,"23":2,"24":2,"25":2,"30":1,"37":2,"41":2,"43":2,"45":2,"46":1,"48":1,"49":1,"50":1}},"/home/travis/build/npmtest/node-npmtest-alt/example.js":{"path":"/home/travis/build/npmtest/node-npmtest-alt/example.js","s":{"1":2,"2":2,"3":2,"4":2,"5":2,"6":2,"7":2,"8":1,"9":2,"10":2,"11":2,"12":2,"13":1,"14":2,"15":2,"16":2,"17":2,"18":2,"19":0,"20":2,"21":1,"22":1,"23":1,"24":1,"25":1,"26":0,"27":0,"28":1,"29":1,"30":2,"31":0,"32":0,"33":0,"34":1,"35":2,"36":2,"37":3,"38":3,"39":3,"40":3,"41":0,"42":3,"43":3,"44":3,"45":1,"46":3,"47":1,"48":1,"49":1,"50":1,"51":1,"52":1,"53":1,"54":1,"55":1,"56":1,"57":0,"58":1,"59":6,"60":6,"61":1,"62":2,"63":0,"64":2,"65":1,"66":1,"67":0,"68":0,"69":0,"70":0,"71":0,"72":0,"73":0,"74":0,"75":0,"76":0,"77":0,"78":0,"79":0,"80":0,"81":0,"82":0,"83":0},"b":{"1":[2,1,1,1],"2":[1,1,1,1],"3":[1,1],"4":[2,2],"5":[1,1],"6":[1,1],"7":[2,0],"8":[2,1,1,1,1,1],"9":[0,2,0],"10":[1,1],"11":[2,1,1],"12":[1,0],"13":[0,2],"14":[2,0,0,0,0,0,0],"15":[0,3],"16":[3,0],"17":[1,1],"18":[0,1],"19":[1,2,0,2],"20":[1,0],"21":[1,1],"22":[0,0],"23":[0,0],"24":[0,0],"25":[0,0],"26":[0,0],"27":[0,0],"28":[0,0]},"f":{"1":2,"2":2,"3":2,"4":2,"5":2,"6":2,"7":3,"8":3,"9":3,"10":1,"11":6,"12":0},"fnMap":{"1":{"name":"(anonymous_1)","line":26,"loc":{"start":{"line":26,"column":1},"end":{"line":26,"column":13}}},"2":{"name":"(anonymous_2)","line":33,"loc":{"start":{"line":33,"column":5},"end":{"line":33,"column":17}}},"3":{"name":"(anonymous_3)","line":37,"loc":{"start":{"line":37,"column":24},"end":{"line":37,"column":36}}},"4":{"name":"(anonymous_4)","line":69,"loc":{"start":{"line":69,"column":31},"end":{"line":69,"column":48}},"skip":true},"5":{"name":"(anonymous_5)","line":78,"loc":{"start":{"line":78,"column":26},"end":{"line":78,"column":45}},"skip":true},"6":{"name":"(anonymous_6)","line":123,"loc":{"start":{"line":123,"column":33},"end":{"line":123,"column":48}},"skip":true},"7":{"name":"(anonymous_7)","line":125,"loc":{"start":{"line":125,"column":27},"end":{"line":125,"column":39}},"skip":true},"8":{"name":"(anonymous_8)","line":133,"loc":{"start":{"line":133,"column":59},"end":{"line":133,"column":74}},"skip":true},"9":{"name":"(anonymous_9)","line":143,"loc":{"start":{"line":143,"column":45},"end":{"line":143,"column":62}},"skip":true},"10":{"name":"(anonymous_10)","line":144,"loc":{"start":{"line":144,"column":73},"end":{"line":144,"column":92}},"skip":true},"11":{"name":"(anonymous_11)","line":272,"loc":{"start":{"line":272,"column":51},"end":{"line":272,"column":77}},"skip":true},"12":{"name":"(anonymous_12)","line":315,"loc":{"start":{"line":315,"column":32},"end":{"line":315,"column":61}},"skip":true}},"statementMap":{"1":{"start":{"line":26,"column":0},"end":{"line":326,"column":5}},"2":{"start":{"line":28,"column":4},"end":{"line":28,"column":14}},"3":{"start":{"line":33,"column":4},"end":{"line":60,"column":9}},"4":{"start":{"line":35,"column":8},"end":{"line":35,"column":19}},"5":{"start":{"line":37,"column":8},"end":{"line":49,"column":13}},"6":{"start":{"line":38,"column":12},"end":{"line":48,"column":13}},"7":{"start":{"line":39,"column":16},"end":{"line":42,"column":30}},"8":{"start":{"line":44,"column":16},"end":{"line":47,"column":27}},"9":{"start":{"line":51,"column":8},"end":{"line":53,"column":21}},"10":{"start":{"line":55,"column":8},"end":{"line":57,"column":45}},"11":{"start":{"line":59,"column":8},"end":{"line":59,"column":35}},"12":{"start":{"line":61,"column":4},"end":{"line":325,"column":5}},"13":{"start":{"line":69,"column":8},"end":{"line":121,"column":10},"skip":true},"14":{"start":{"line":70,"column":12},"end":{"line":88,"column":13},"skip":true},"15":{"start":{"line":76,"column":16},"end":{"line":87,"column":19},"skip":true},"16":{"start":{"line":79,"column":20},"end":{"line":86,"column":21},"skip":true},"17":{"start":{"line":82,"column":24},"end":{"line":82,"column":43},"skip":true},"18":{"start":{"line":83,"column":24},"end":{"line":83,"column":30},"skip":true},"19":{"start":{"line":85,"column":24},"end":{"line":85,"column":49},"skip":true},"20":{"start":{"line":89,"column":12},"end":{"line":107,"column":13},"skip":true},"21":{"start":{"line":92,"column":16},"end":{"line":102,"column":17},"skip":true},"22":{"start":{"line":93,"column":20},"end":{"line":93,"column":86},"skip":true},"23":{"start":{"line":94,"column":20},"end":{"line":95,"column":45},"skip":true},"24":{"start":{"line":96,"column":20},"end":{"line":96,"column":42},"skip":true},"25":{"start":{"line":97,"column":20},"end":{"line":97,"column":48},"skip":true},"26":{"start":{"line":100,"column":20},"end":{"line":100,"column":85},"skip":true},"27":{"start":{"line":101,"column":20},"end":{"line":101,"column":96},"skip":true},"28":{"start":{"line":103,"column":16},"end":{"line":103,"column":22},"skip":true},"29":{"start":{"line":106,"column":16},"end":{"line":106,"column":22},"skip":true},"30":{"start":{"line":108,"column":12},"end":{"line":120,"column":13},"skip":true},"31":{"start":{"line":114,"column":16},"end":{"line":119,"column":17},"skip":true},"32":{"start":{"line":116,"column":20},"end":{"line":116,"column":78},"skip":true},"33":{"start":{"line":118,"column":20},"end":{"line":118,"column":47},"skip":true},"34":{"start":{"line":123,"column":8},"end":{"line":141,"column":11},"skip":true},"35":{"start":{"line":124,"column":12},"end":{"line":124,"column":54},"skip":true},"36":{"start":{"line":125,"column":12},"end":{"line":140,"column":14},"skip":true},"37":{"start":{"line":126,"column":16},"end":{"line":126,"column":28},"skip":true},"38":{"start":{"line":127,"column":16},"end":{"line":127,"column":69},"skip":true},"39":{"start":{"line":128,"column":16},"end":{"line":128,"column":75},"skip":true},"40":{"start":{"line":129,"column":16},"end":{"line":131,"column":17},"skip":true},"41":{"start":{"line":130,"column":20},"end":{"line":130,"column":27},"skip":true},"42":{"start":{"line":133,"column":16},"end":{"line":137,"column":36},"skip":true},"43":{"start":{"line":134,"column":20},"end":{"line":136,"column":55},"skip":true},"44":{"start":{"line":139,"column":16},"end":{"line":139,"column":57},"skip":true},"45":{"start":{"line":143,"column":8},"end":{"line":147,"column":11},"skip":true},"46":{"start":{"line":144,"column":12},"end":{"line":146,"column":15},"skip":true},"47":{"start":{"line":145,"column":16},"end":{"line":145,"column":70},"skip":true},"48":{"start":{"line":149,"column":8},"end":{"line":149,"column":31},"skip":true},"49":{"start":{"line":150,"column":8},"end":{"line":150,"column":14},"skip":true},"50":{"start":{"line":158,"column":8},"end":{"line":158,"column":31},"skip":true},"51":{"start":{"line":160,"column":8},"end":{"line":160,"column":33},"skip":true},"52":{"start":{"line":161,"column":8},"end":{"line":161,"column":37},"skip":true},"53":{"start":{"line":162,"column":8},"end":{"line":162,"column":35},"skip":true},"54":{"start":{"line":164,"column":8},"end":{"line":164,"column":50},"skip":true},"55":{"start":{"line":166,"column":8},"end":{"line":256,"column":2},"skip":true},"56":{"start":{"line":258,"column":8},"end":{"line":286,"column":9},"skip":true},"57":{"start":{"line":259,"column":12},"end":{"line":269,"column":14},"skip":true},"58":{"start":{"line":271,"column":12},"end":{"line":285,"column":19},"skip":true},"59":{"start":{"line":274,"column":20},"end":{"line":274,"column":35},"skip":true},"60":{"start":{"line":275,"column":20},"end":{"line":284,"column":21},"skip":true},"61":{"start":{"line":277,"column":24},"end":{"line":277,"column":64},"skip":true},"62":{"start":{"line":279,"column":24},"end":{"line":279,"column":40},"skip":true},"63":{"start":{"line":281,"column":24},"end":{"line":281,"column":40},"skip":true},"64":{"start":{"line":283,"column":24},"end":{"line":283,"column":39},"skip":true},"65":{"start":{"line":288,"column":8},"end":{"line":290,"column":9},"skip":true},"66":{"start":{"line":289,"column":12},"end":{"line":289,"column":18},"skip":true},"67":{"start":{"line":291,"column":8},"end":{"line":293,"column":54},"skip":true},"68":{"start":{"line":296,"column":8},"end":{"line":301,"column":37},"skip":true},"69":{"start":{"line":303,"column":8},"end":{"line":303,"column":82},"skip":true},"70":{"start":{"line":306,"column":8},"end":{"line":308,"column":9},"skip":true},"71":{"start":{"line":307,"column":12},"end":{"line":307,"column":82},"skip":true},"72":{"start":{"line":310,"column":8},"end":{"line":312,"column":9},"skip":true},"73":{"start":{"line":311,"column":12},"end":{"line":311,"column":18},"skip":true},"74":{"start":{"line":313,"column":8},"end":{"line":313,"column":54},"skip":true},"75":{"start":{"line":314,"column":8},"end":{"line":314,"column":69},"skip":true},"76":{"start":{"line":315,"column":8},"end":{"line":323,"column":36},"skip":true},"77":{"start":{"line":316,"column":12},"end":{"line":316,"column":61},"skip":true},"78":{"start":{"line":317,"column":12},"end":{"line":320,"column":13},"skip":true},"79":{"start":{"line":318,"column":16},"end":{"line":318,"column":75},"skip":true},"80":{"start":{"line":319,"column":16},"end":{"line":319,"column":23},"skip":true},"81":{"start":{"line":321,"column":12},"end":{"line":321,"column":38},"skip":true},"82":{"start":{"line":322,"column":12},"end":{"line":322,"column":27},"skip":true},"83":{"start":{"line":324,"column":8},"end":{"line":324,"column":14},"skip":true}},"branchMap":{"1":{"line":39,"type":"binary-expr","locations":[{"start":{"line":39,"column":23},"end":{"line":39,"column":62}},{"start":{"line":40,"column":20},"end":{"line":40,"column":70}},{"start":{"line":41,"column":20},"end":{"line":41,"column":71}},{"start":{"line":42,"column":20},"end":{"line":42,"column":29}}]},"2":{"line":44,"type":"binary-expr","locations":[{"start":{"line":44,"column":23},"end":{"line":44,"column":37}},{"start":{"line":45,"column":20},"end":{"line":45,"column":61}},{"start":{"line":46,"column":20},"end":{"line":46,"column":70}},{"start":{"line":47,"column":20},"end":{"line":47,"column":26}}]},"3":{"line":51,"type":"cond-expr","locations":[{"start":{"line":52,"column":14},"end":{"line":52,"column":20}},{"start":{"line":53,"column":14},"end":{"line":53,"column":20}}]},"4":{"line":55,"type":"binary-expr","locations":[{"start":{"line":55,"column":16},"end":{"line":55,"column":44}},{"start":{"line":55,"column":49},"end":{"line":57,"column":43}}]},"5":{"line":55,"type":"cond-expr","locations":[{"start":{"line":56,"column":14},"end":{"line":56,"column":47}},{"start":{"line":57,"column":14},"end":{"line":57,"column":43}}]},"6":{"line":61,"type":"switch","locations":[{"start":{"line":68,"column":4},"end":{"line":150,"column":14},"skip":true},{"start":{"line":156,"column":4},"end":{"line":324,"column":14},"skip":true}]},"7":{"line":70,"type":"if","locations":[{"start":{"line":70,"column":12},"end":{"line":70,"column":12},"skip":true},{"start":{"line":70,"column":12},"end":{"line":70,"column":12},"skip":true}]},"8":{"line":70,"type":"binary-expr","locations":[{"start":{"line":70,"column":16},"end":{"line":70,"column":22},"skip":true},{"start":{"line":70,"column":27},"end":{"line":70,"column":32},"skip":true},{"start":{"line":71,"column":20},"end":{"line":71,"column":39},"skip":true},{"start":{"line":72,"column":20},"end":{"line":72,"column":49},"skip":true},{"start":{"line":73,"column":20},"end":{"line":73,"column":58},"skip":true},{"start":{"line":74,"column":20},"end":{"line":74,"column":69},"skip":true}]},"9":{"line":79,"type":"switch","locations":[{"start":{"line":80,"column":20},"end":{"line":80,"column":33},"skip":true},{"start":{"line":81,"column":20},"end":{"line":83,"column":30},"skip":true},{"start":{"line":84,"column":20},"end":{"line":85,"column":49},"skip":true}]},"10":{"line":89,"type":"switch","locations":[{"start":{"line":90,"column":12},"end":{"line":103,"column":22},"skip":true},{"start":{"line":105,"column":12},"end":{"line":106,"column":22},"skip":true}]},"11":{"line":89,"type":"binary-expr","locations":[{"start":{"line":89,"column":20},"end":{"line":89,"column":25},"skip":true},{"start":{"line":89,"column":29},"end":{"line":89,"column":48},"skip":true},{"start":{"line":89,"column":52},"end":{"line":89,"column":74},"skip":true}]},"12":{"line":92,"type":"if","locations":[{"start":{"line":92,"column":16},"end":{"line":92,"column":16},"skip":true},{"start":{"line":92,"column":16},"end":{"line":92,"column":16},"skip":true}]},"13":{"line":108,"type":"if","locations":[{"start":{"line":108,"column":12},"end":{"line":108,"column":12},"skip":true},{"start":{"line":108,"column":12},"end":{"line":108,"column":12},"skip":true}]},"14":{"line":108,"type":"binary-expr","locations":[{"start":{"line":108,"column":16},"end":{"line":108,"column":61},"skip":true},{"start":{"line":108,"column":66},"end":{"line":108,"column":72},"skip":true},{"start":{"line":108,"column":77},"end":{"line":108,"column":82},"skip":true},{"start":{"line":109,"column":20},"end":{"line":109,"column":39},"skip":true},{"start":{"line":110,"column":20},"end":{"line":110,"column":49},"skip":true},{"start":{"line":111,"column":20},"end":{"line":111,"column":58},"skip":true},{"start":{"line":112,"column":20},"end":{"line":112,"column":68},"skip":true}]},"15":{"line":129,"type":"if","locations":[{"start":{"line":129,"column":16},"end":{"line":129,"column":16},"skip":true},{"start":{"line":129,"column":16},"end":{"line":129,"column":16},"skip":true}]},"16":{"line":134,"type":"cond-expr","locations":[{"start":{"line":135,"column":26},"end":{"line":135,"column":29},"skip":true},{"start":{"line":136,"column":26},"end":{"line":136,"column":54},"skip":true}]},"17":{"line":164,"type":"binary-expr","locations":[{"start":{"line":164,"column":27},"end":{"line":164,"column":43},"skip":true},{"start":{"line":164,"column":47},"end":{"line":164,"column":49},"skip":true}]},"18":{"line":258,"type":"if","locations":[{"start":{"line":258,"column":8},"end":{"line":258,"column":8},"skip":true},{"start":{"line":258,"column":8},"end":{"line":258,"column":8},"skip":true}]},"19":{"line":275,"type":"switch","locations":[{"start":{"line":276,"column":20},"end":{"line":277,"column":64},"skip":true},{"start":{"line":278,"column":20},"end":{"line":279,"column":40},"skip":true},{"start":{"line":280,"column":20},"end":{"line":281,"column":40},"skip":true},{"start":{"line":282,"column":20},"end":{"line":283,"column":39},"skip":true}]},"20":{"line":288,"type":"if","locations":[{"start":{"line":288,"column":8},"end":{"line":288,"column":8},"skip":true},{"start":{"line":288,"column":8},"end":{"line":288,"column":8},"skip":true}]},"21":{"line":288,"type":"binary-expr","locations":[{"start":{"line":288,"column":12},"end":{"line":288,"column":40},"skip":true},{"start":{"line":288,"column":44},"end":{"line":288,"column":67},"skip":true}]},"22":{"line":292,"type":"binary-expr","locations":[{"start":{"line":292,"column":12},"end":{"line":292,"column":50},"skip":true},{"start":{"line":293,"column":12},"end":{"line":293,"column":53},"skip":true}]},"23":{"line":297,"type":"binary-expr","locations":[{"start":{"line":297,"column":12},"end":{"line":297,"column":61},"skip":true},{"start":{"line":298,"column":12},"end":{"line":301,"column":36},"skip":true}]},"24":{"line":303,"type":"binary-expr","locations":[{"start":{"line":303,"column":43},"end":{"line":303,"column":75},"skip":true},{"start":{"line":303,"column":79},"end":{"line":303,"column":81},"skip":true}]},"25":{"line":306,"type":"if","locations":[{"start":{"line":306,"column":8},"end":{"line":306,"column":8},"skip":true},{"start":{"line":306,"column":8},"end":{"line":306,"column":8},"skip":true}]},"26":{"line":310,"type":"if","locations":[{"start":{"line":310,"column":8},"end":{"line":310,"column":8},"skip":true},{"start":{"line":310,"column":8},"end":{"line":310,"column":8},"skip":true}]},"27":{"line":313,"type":"binary-expr","locations":[{"start":{"line":313,"column":27},"end":{"line":313,"column":43},"skip":true},{"start":{"line":313,"column":47},"end":{"line":313,"column":53},"skip":true}]},"28":{"line":317,"type":"if","locations":[{"start":{"line":317,"column":12},"end":{"line":317,"column":12},"skip":true},{"start":{"line":317,"column":12},"end":{"line":317,"column":12},"skip":true}]}},"code":["/*","example.js","","quickstart example","","instruction","    1. save this script as example.js","    2. run the shell command:","        $ npm install npmtest-alt && PORT=8081 node example.js","    3. play with the browser-demo on http://127.0.0.1:8081","*/","","","","/* istanbul instrument in package npmtest_alt */","/*jslint","    bitwise: true,","    browser: true,","    maxerr: 8,","    maxlen: 96,","    node: true,","    nomen: true,","    regexp: true,","    stupid: true","*/","(function () {","    'use strict';","    var local;","","","","    // run shared js-env code - init-before","    (function () {","        // init local","        local = {};","        // init modeJs","        local.modeJs = (function () {","            try {","                return typeof navigator.userAgent === 'string' &&","                    typeof document.querySelector('body') === 'object' &&","                    typeof XMLHttpRequest.prototype.open === 'function' &&","                    'browser';","            } catch (errorCaughtBrowser) {","                return module.exports &&","                    typeof process.versions.node === 'string' &&","                    typeof require('http').createServer === 'function' &&","                    'node';","            }","        }());","        // init global","        local.global = local.modeJs === 'browser'","            ? window","            : global;","        // init utility2_rollup","        local = local.global.utility2_rollup || (local.modeJs === 'browser'","            ? local.global.utility2_npmtest_alt","            : global.utility2_moduleExports);","        // export local","        local.global.local = local;","    }());","    switch (local.modeJs) {","","","","    // init-after","    // run browser js-env code - init-after","    /* istanbul ignore next */","    case 'browser':","        local.testRunBrowser = function (event) {","            if (!event || (event &&","                    event.currentTarget &&","                    event.currentTarget.className &&","                    event.currentTarget.className.includes &&","                    event.currentTarget.className.includes('onreset'))) {","                // reset output","                Array.from(","                    document.querySelectorAll('body > .resettable')","                ).forEach(function (element) {","                    switch (element.tagName) {","                    case 'INPUT':","                    case 'TEXTAREA':","                        element.value = '';","                        break;","                    default:","                        element.textContent = '';","                    }","                });","            }","            switch (event && event.currentTarget && event.currentTarget.id) {","            case 'testRunButton1':","                // show tests","                if (document.querySelector('#testReportDiv1').style.display === 'none') {","                    document.querySelector('#testReportDiv1').style.display = 'block';","                    document.querySelector('#testRunButton1').textContent =","                        'hide internal test';","                    local.modeTest = true;","                    local.testRunDefault(local);","                // hide tests","                } else {","                    document.querySelector('#testReportDiv1').style.display = 'none';","                    document.querySelector('#testRunButton1').textContent = 'run internal test';","                }","                break;","            // custom-case","            default:","                break;","            }","            if (document.querySelector('#inputTextareaEval1') && (!event || (event &&","                    event.currentTarget &&","                    event.currentTarget.className &&","                    event.currentTarget.className.includes &&","                    event.currentTarget.className.includes('oneval')))) {","                // try to eval input-code","                try {","                    /*jslint evil: true*/","                    eval(document.querySelector('#inputTextareaEval1').value);","                } catch (errorCaught) {","                    console.error(errorCaught);","                }","            }","        };","        // log stderr and stdout to #outputTextareaStdout1","        ['error', 'log'].forEach(function (key) {","            console[key + '_original'] = console[key];","            console[key] = function () {","                var element;","                console[key + '_original'].apply(console, arguments);","                element = document.querySelector('#outputTextareaStdout1');","                if (!element) {","                    return;","                }","                // append text to #outputTextareaStdout1","                element.value += Array.from(arguments).map(function (arg) {","                    return typeof arg === 'string'","                        ? arg","                        : JSON.stringify(arg, null, 4);","                }).join(' ') + '\\n';","                // scroll textarea to bottom","                element.scrollTop = element.scrollHeight;","            };","        });","        // init event-handling","        ['change', 'click', 'keyup'].forEach(function (event) {","            Array.from(document.querySelectorAll('.on' + event)).forEach(function (element) {","                element.addEventListener(event, local.testRunBrowser);","            });","        });","        // run tests","        local.testRunBrowser();","        break;","","","","    // run node js-env code - init-after","    /* istanbul ignore next */","    case 'node':","        // export local","        module.exports = local;","        // require modules","        local.fs = require('fs');","        local.http = require('http');","        local.url = require('url');","        // init assets","        local.assetsDict = local.assetsDict || {};","        /* jslint-ignore-begin */","        local.assetsDict['/assets.index.template.html'] = '\\","<!doctype html>\\n\\","<html lang=\"en\">\\n\\","<head>\\n\\","<meta charset=\"UTF-8\">\\n\\","<meta name=\"viewport\" content=\"width=device-width, initial-scale=1\">\\n\\","<title>{{env.npm_package_name}} (v{{env.npm_package_version}})</title>\\n\\","<style>\\n\\","/*csslint\\n\\","    box-sizing: false,\\n\\","    universal-selector: false\\n\\","*/\\n\\","* {\\n\\","    box-sizing: border-box;\\n\\","}\\n\\","body {\\n\\","    background: #dde;\\n\\","    font-family: Arial, Helvetica, sans-serif;\\n\\","    margin: 2rem;\\n\\","}\\n\\","body > * {\\n\\","    margin-bottom: 1rem;\\n\\","}\\n\\",".utility2FooterDiv {\\n\\","    margin-top: 20px;\\n\\","    text-align: center;\\n\\","}\\n\\","</style>\\n\\","<style>\\n\\","/*csslint\\n\\","*/\\n\\","textarea {\\n\\","    font-family: monospace;\\n\\","    height: 10rem;\\n\\","    width: 100%;\\n\\","}\\n\\","textarea[readonly] {\\n\\","    background: #ddd;\\n\\","}\\n\\","</style>\\n\\","</head>\\n\\","<body>\\n\\","<!-- utility2-comment\\n\\","<div id=\"ajaxProgressDiv1\" style=\"background: #d00; height: 2px; left: 0; margin: 0; padding: 0; position: fixed; top: 0; transition: background 0.5s, width 1.5s; width: 25%;\"></div>\\n\\","utility2-comment -->\\n\\","<h1>\\n\\","<!-- utility2-comment\\n\\","    <a\\n\\","        {{#if env.npm_package_homepage}}\\n\\","        href=\"{{env.npm_package_homepage}}\"\\n\\","        {{/if env.npm_package_homepage}}\\n\\","        target=\"_blank\"\\n\\","    >\\n\\","utility2-comment -->\\n\\","        {{env.npm_package_name}} (v{{env.npm_package_version}})\\n\\","<!-- utility2-comment\\n\\","    </a>\\n\\","utility2-comment -->\\n\\","</h1>\\n\\","<h3>{{env.npm_package_description}}</h3>\\n\\","<!-- utility2-comment\\n\\","<h4><a download href=\"assets.app.js\">download standalone app</a></h4>\\n\\","<button class=\"onclick onreset\" id=\"testRunButton1\">run internal test</button><br>\\n\\","<div id=\"testReportDiv1\" style=\"display: none;\"></div>\\n\\","utility2-comment -->\\n\\","\\n\\","\\n\\","\\n\\","<label>stderr and stdout</label>\\n\\","<textarea class=\"resettable\" id=\"outputTextareaStdout1\" readonly></textarea>\\n\\","<!-- utility2-comment\\n\\","{{#if isRollup}}\\n\\","<script src=\"assets.app.js\"></script>\\n\\","{{#unless isRollup}}\\n\\","utility2-comment -->\\n\\","<script src=\"assets.utility2.rollup.js\"></script>\\n\\","<script src=\"jsonp.utility2._stateInit?callback=window.utility2._stateInit\"></script>\\n\\","<script src=\"assets.npmtest_alt.rollup.js\"></script>\\n\\","<script src=\"assets.example.js\"></script>\\n\\","<script src=\"assets.test.js\"></script>\\n\\","<!-- utility2-comment\\n\\","{{/if isRollup}}\\n\\","utility2-comment -->\\n\\","<div class=\"utility2FooterDiv\">\\n\\","    [ this app was created with\\n\\","    <a href=\"https://github.com/kaizhu256/node-utility2\" target=\"_blank\">utility2</a>\\n\\","    ]\\n\\","</div>\\n\\","</body>\\n\\","</html>\\n\\","';","        /* jslint-ignore-end */","        if (local.templateRender) {","            local.assetsDict['/'] = local.templateRender(","                local.assetsDict['/assets.index.template.html'],","                {","                    env: local.objectSetDefault(local.env, {","                        npm_package_description: 'the greatest app in the world!',","                        npm_package_name: 'my-app',","                        npm_package_nameAlias: 'my_app',","                        npm_package_version: '0.0.1'","                    })","                }","            );","        } else {","            local.assetsDict['/'] = local.assetsDict['/assets.index.template.html']","                .replace((/\\{\\{env\\.(\\w+?)\\}\\}/g), function (match0, match1) {","                    // jslint-hack","                    String(match0);","                    switch (match1) {","                    case 'npm_package_description':","                        return 'the greatest app in the world!';","                    case 'npm_package_name':","                        return 'my-app';","                    case 'npm_package_nameAlias':","                        return 'my_app';","                    case 'npm_package_version':","                        return '0.0.1';","                    }","                });","        }","        // run the cli","        if (local.global.utility2_rollup || module !== require.main) {","            break;","        }","        local.assetsDict['/assets.example.js'] =","            local.assetsDict['/assets.example.js'] ||","            local.fs.readFileSync(__filename, 'utf8');","        // bug-workaround - long $npm_package_buildCustomOrg","        /* jslint-ignore-begin */","        local.assetsDict['/assets.npmtest_alt.rollup.js'] =","            local.assetsDict['/assets.npmtest_alt.rollup.js'] ||","            local.fs.readFileSync(","                local.npmtest_alt.__dirname + '/lib.npmtest_alt.js',","                'utf8'","            ).replace((/^#!/), '//');","        /* jslint-ignore-end */","        local.assetsDict['/favicon.ico'] = local.assetsDict['/favicon.ico'] || '';","        // if $npm_config_timeout_exit exists,","        // then exit this process after $npm_config_timeout_exit ms","        if (Number(process.env.npm_config_timeout_exit)) {","            setTimeout(process.exit, Number(process.env.npm_config_timeout_exit));","        }","        // start server","        if (local.global.utility2_serverHttp1) {","            break;","        }","        process.env.PORT = process.env.PORT || '8081';","        console.error('server starting on port ' + process.env.PORT);","        local.http.createServer(function (request, response) {","            request.urlParsed = local.url.parse(request.url);","            if (local.assetsDict[request.urlParsed.pathname] !== undefined) {","                response.end(local.assetsDict[request.urlParsed.pathname]);","                return;","            }","            response.statusCode = 404;","            response.end();","        }).listen(process.env.PORT);","        break;","    }","}());",""],"l":{"26":2,"28":2,"33":2,"35":2,"37":2,"38":2,"39":2,"44":1,"51":2,"55":2,"59":2,"61":2,"69":1,"70":2,"76":2,"79":2,"82":2,"83":2,"85":1,"89":2,"92":1,"93":1,"94":1,"96":1,"97":1,"100":1,"101":1,"103":1,"106":1,"108":2,"114":1,"116":1,"118":1,"123":1,"124":2,"125":2,"126":3,"127":3,"128":3,"129":3,"130":1,"133":3,"134":3,"139":3,"143":1,"144":3,"145":1,"149":1,"150":1,"158":1,"160":1,"161":1,"162":1,"164":1,"166":1,"258":1,"259":1,"271":1,"274":6,"275":6,"277":1,"279":2,"281":1,"283":2,"288":1,"289":1,"291":1,"296":1,"303":1,"306":1,"307":1,"310":1,"311":1,"313":1,"314":1,"315":1,"316":1,"317":1,"318":1,"319":1,"321":1,"322":1,"324":1}},"/home/travis/build/npmtest/node-npmtest-alt/node_modules/alt/lib/index.js":{"path":"/home/travis/build/npmtest/node-npmtest-alt/node_modules/alt/lib/index.js","s":{"1":1,"2":1,"3":1,"4":1,"5":1,"6":1,"7":1,"8":1,"9":1,"10":1,"11":1,"12":1,"13":1,"14":1,"15":1,"16":4,"17":4,"18":0,"19":0,"20":0,"21":0,"22":0,"23":0,"24":0,"25":1,"26":0,"27":0,"28":0,"29":1,"30":0,"31":0,"32":0,"33":0,"34":0,"35":1,"36":0,"37":0,"38":1,"39":1,"40":0,"41":0,"42":0,"43":0,"44":0,"45":0,"46":0,"47":0,"48":0,"49":0,"50":0,"51":0,"52":0,"53":0,"54":0,"55":1,"56":1,"57":0,"58":0,"59":0,"60":0,"61":0,"62":0,"63":0,"64":0,"65":0,"66":1,"67":1,"68":1,"69":0,"70":0,"71":0,"72":0,"73":0,"74":0,"75":1,"76":1,"77":1,"78":0,"79":0,"80":0,"81":0,"82":0,"83":0,"84":0,"85":0,"86":0,"87":0,"88":0,"89":0,"90":0,"91":0,"92":0,"93":0,"94":1,"95":1,"96":1,"97":0,"98":0,"99":0,"100":0,"101":0,"102":0,"103":1,"104":1,"105":1,"106":0,"107":1,"108":1,"109":1,"110":0,"111":0,"112":0,"113":0,"114":0,"115":0,"116":0,"117":0,"118":1,"119":0,"120":0,"121":0,"122":0,"123":0,"124":1,"125":0,"126":0,"127":0,"128":0,"129":0,"130":0,"131":0,"132":0,"133":0,"134":0,"135":0,"136":0,"137":0,"138":0,"139":0,"140":0,"141":0,"142":0,"143":0,"144":1,"145":1,"146":1,"147":0,"148":0,"149":0,"150":0,"151":0,"152":1,"153":1,"154":1,"155":0,"156":0,"157":0,"158":1,"159":1,"160":1,"161":0,"162":0,"163":0,"164":0,"165":0,"166":0,"167":1,"168":1,"169":1,"170":0,"171":0,"172":0,"173":1,"174":1,"175":1,"176":0,"177":0,"178":0,"179":1,"180":1,"181":1,"182":0,"183":0,"184":0,"185":0,"186":0,"187":1,"188":1,"189":1,"190":0,"191":0,"192":0,"193":1,"194":1,"195":1,"196":0,"197":0,"198":0,"199":1,"200":1,"201":1,"202":0,"203":1,"204":1,"205":1,"206":0,"207":1,"208":1,"209":1,"210":0,"211":0,"212":0,"213":0,"214":0,"215":0,"216":0,"217":0,"218":1,"219":1,"220":1,"221":1},"b":{"1":[0,1],"2":[1,1],"3":[4,0],"4":[4,4],"5":[0,0],"6":[0,0],"7":[0,0],"8":[0,0],"9":[0,0,0],"10":[0,0],"11":[0,0],"12":[0,0],"13":[0,0],"14":[0,0],"15":[0,0],"16":[0,0],"17":[0,0],"18":[0,0],"19":[0,0],"20":[0,0],"21":[0,0],"22":[0,0],"23":[0,0],"24":[0,0],"25":[0,0],"26":[0,0],"27":[0,0],"28":[0,0],"29":[0,0,0,0],"30":[0,0],"31":[0,0],"32":[0,0],"33":[0,0],"34":[0,0],"35":[0,0],"36":[0,0],"37":[0,0,0],"38":[0,0],"39":[0,0],"40":[0,0],"41":[0,0],"42":[0,0],"43":[0,0],"44":[0,0],"45":[0,0],"46":[0,0],"47":[0,0]},"f":{"1":1,"2":4,"3":0,"4":0,"5":0,"6":1,"7":0,"8":0,"9":1,"10":0,"11":0,"12":1,"13":0,"14":1,"15":0,"16":1,"17":0,"18":0,"19":1,"20":0,"21":1,"22":0,"23":0,"24":0,"25":0,"26":0,"27":0,"28":0,"29":1,"30":0,"31":1,"32":0,"33":0,"34":1,"35":0,"36":0,"37":1,"38":0,"39":1,"40":0,"41":0,"42":1,"43":0,"44":1,"45":0,"46":1,"47":0,"48":1,"49":0,"50":1,"51":0,"52":1,"53":0},"fnMap":{"1":{"name":"_interopRequireDefault","line":29,"loc":{"start":{"line":29,"column":0},"end":{"line":29,"column":37}}},"2":{"name":"_interopRequireWildcard","line":31,"loc":{"start":{"line":31,"column":0},"end":{"line":31,"column":38}}},"3":{"name":"_possibleConstructorReturn","line":33,"loc":{"start":{"line":33,"column":0},"end":{"line":33,"column":48}}},"4":{"name":"_inherits","line":35,"loc":{"start":{"line":35,"column":0},"end":{"line":35,"column":41}}},"5":{"name":"_classCallCheck","line":37,"loc":{"start":{"line":37,"column":0},"end":{"line":37,"column":48}}},"6":{"name":"(anonymous_6)","line":40,"loc":{"start":{"line":40,"column":10},"end":{"line":40,"column":22}}},"7":{"name":"Alt","line":41,"loc":{"start":{"line":41,"column":2},"end":{"line":41,"column":17}}},"8":{"name":"(anonymous_8)","line":50,"loc":{"start":{"line":50,"column":55},"end":{"line":50,"column":75}}},"9":{"name":"(anonymous_9)","line":62,"loc":{"start":{"line":62,"column":27},"end":{"line":62,"column":39}}},"10":{"name":"dispatch","line":63,"loc":{"start":{"line":63,"column":4},"end":{"line":63,"column":45}}},"11":{"name":"(anonymous_11)","line":66,"loc":{"start":{"line":66,"column":28},"end":{"line":66,"column":40}}},"12":{"name":"(anonymous_12)","line":90,"loc":{"start":{"line":90,"column":37},"end":{"line":90,"column":49}}},"13":{"name":"createUnsavedStore","line":91,"loc":{"start":{"line":91,"column":4},"end":{"line":91,"column":44}}},"14":{"name":"(anonymous_14)","line":106,"loc":{"start":{"line":106,"column":30},"end":{"line":106,"column":42}}},"15":{"name":"createStore","line":107,"loc":{"start":{"line":107,"column":4},"end":{"line":107,"column":43}}},"16":{"name":"(anonymous_16)","line":140,"loc":{"start":{"line":140,"column":34},"end":{"line":140,"column":46}}},"17":{"name":"generateActions","line":141,"loc":{"start":{"line":141,"column":4},"end":{"line":141,"column":31}}},"18":{"name":"(anonymous_18)","line":148,"loc":{"start":{"line":148,"column":51},"end":{"line":148,"column":74}}},"19":{"name":"(anonymous_19)","line":157,"loc":{"start":{"line":157,"column":31},"end":{"line":157,"column":43}}},"20":{"name":"createAction","line":158,"loc":{"start":{"line":158,"column":4},"end":{"line":158,"column":53}}},"21":{"name":"(anonymous_21)","line":165,"loc":{"start":{"line":165,"column":32},"end":{"line":165,"column":44}}},"22":{"name":"createActions","line":166,"loc":{"start":{"line":166,"column":4},"end":{"line":166,"column":41}}},"23":{"name":"(anonymous_23)","line":177,"loc":{"start":{"line":177,"column":31},"end":{"line":177,"column":56}}},"24":{"name":"ActionsGenerator","line":180,"loc":{"start":{"line":180,"column":10},"end":{"line":180,"column":38}}},"25":{"name":"(anonymous_25)","line":190,"loc":{"start":{"line":190,"column":55},"end":{"line":190,"column":67}}},"26":{"name":"generateActions","line":191,"loc":{"start":{"line":191,"column":12},"end":{"line":191,"column":39}}},"27":{"name":"(anonymous_27)","line":196,"loc":{"start":{"line":196,"column":34},"end":{"line":196,"column":56}}},"28":{"name":"(anonymous_28)","line":218,"loc":{"start":{"line":218,"column":20},"end":{"line":218,"column":50}}},"29":{"name":"(anonymous_29)","line":238,"loc":{"start":{"line":238,"column":31},"end":{"line":238,"column":43}}},"30":{"name":"takeSnapshot","line":239,"loc":{"start":{"line":239,"column":4},"end":{"line":239,"column":28}}},"31":{"name":"(anonymous_31)","line":252,"loc":{"start":{"line":252,"column":27},"end":{"line":252,"column":39}}},"32":{"name":"rollback","line":253,"loc":{"start":{"line":253,"column":4},"end":{"line":253,"column":24}}},"33":{"name":"(anonymous_33)","line":254,"loc":{"start":{"line":254,"column":75},"end":{"line":254,"column":96}}},"34":{"name":"(anonymous_34)","line":263,"loc":{"start":{"line":263,"column":26},"end":{"line":263,"column":38}}},"35":{"name":"recycle","line":264,"loc":{"start":{"line":264,"column":4},"end":{"line":264,"column":23}}},"36":{"name":"(anonymous_36)","line":271,"loc":{"start":{"line":271,"column":72},"end":{"line":271,"column":93}}},"37":{"name":"(anonymous_37)","line":280,"loc":{"start":{"line":280,"column":24},"end":{"line":280,"column":36}}},"38":{"name":"flush","line":281,"loc":{"start":{"line":281,"column":4},"end":{"line":281,"column":21}}},"39":{"name":"(anonymous_39)","line":290,"loc":{"start":{"line":290,"column":28},"end":{"line":290,"column":40}}},"40":{"name":"bootstrap","line":291,"loc":{"start":{"line":291,"column":4},"end":{"line":291,"column":29}}},"41":{"name":"(anonymous_41)","line":292,"loc":{"start":{"line":292,"column":45},"end":{"line":292,"column":73}}},"42":{"name":"(anonymous_42)","line":301,"loc":{"start":{"line":301,"column":26},"end":{"line":301,"column":38}}},"43":{"name":"prepare","line":302,"loc":{"start":{"line":302,"column":4},"end":{"line":302,"column":41}}},"44":{"name":"(anonymous_44)","line":316,"loc":{"start":{"line":316,"column":29},"end":{"line":316,"column":41}}},"45":{"name":"addActions","line":317,"loc":{"start":{"line":317,"column":4},"end":{"line":317,"column":44}}},"46":{"name":"(anonymous_46)","line":328,"loc":{"start":{"line":328,"column":27},"end":{"line":328,"column":39}}},"47":{"name":"addStore","line":329,"loc":{"start":{"line":329,"column":4},"end":{"line":329,"column":40}}},"48":{"name":"(anonymous_48)","line":340,"loc":{"start":{"line":340,"column":29},"end":{"line":340,"column":41}}},"49":{"name":"getActions","line":341,"loc":{"start":{"line":341,"column":4},"end":{"line":341,"column":30}}},"50":{"name":"(anonymous_50)","line":348,"loc":{"start":{"line":348,"column":27},"end":{"line":348,"column":39}}},"51":{"name":"getStore","line":349,"loc":{"start":{"line":349,"column":4},"end":{"line":349,"column":28}}},"52":{"name":"(anonymous_52)","line":356,"loc":{"start":{"line":356,"column":14},"end":{"line":356,"column":26}}},"53":{"name":"debug","line":357,"loc":{"start":{"line":357,"column":4},"end":{"line":357,"column":35}}}},"statementMap":{"1":{"start":{"line":3,"column":0},"end":{"line":5,"column":3}},"2":{"start":{"line":7,"column":0},"end":{"line":7,"column":28}},"3":{"start":{"line":9,"column":0},"end":{"line":9,"column":56}},"4":{"start":{"line":11,"column":0},"end":{"line":11,"column":62}},"5":{"start":{"line":13,"column":0},"end":{"line":13,"column":40}},"6":{"start":{"line":15,"column":0},"end":{"line":15,"column":45}},"7":{"start":{"line":17,"column":0},"end":{"line":17,"column":32}},"8":{"start":{"line":19,"column":0},"end":{"line":19,"column":44}},"9":{"start":{"line":21,"column":0},"end":{"line":21,"column":44}},"10":{"start":{"line":23,"column":0},"end":{"line":23,"column":47}},"11":{"start":{"line":25,"column":0},"end":{"line":25,"column":36}},"12":{"start":{"line":27,"column":0},"end":{"line":27,"column":49}},"13":{"start":{"line":29,"column":0},"end":{"line":29,"column":97}},"14":{"start":{"line":29,"column":39},"end":{"line":29,"column":95}},"15":{"start":{"line":31,"column":0},"end":{"line":31,"column":272}},"16":{"start":{"line":31,"column":40},"end":{"line":31,"column":270}},"17":{"start":{"line":31,"column":69},"end":{"line":31,"column":80}},"18":{"start":{"line":31,"column":90},"end":{"line":31,"column":106}},"19":{"start":{"line":31,"column":107},"end":{"line":31,"column":228}},"20":{"start":{"line":31,"column":126},"end":{"line":31,"column":226}},"21":{"start":{"line":31,"column":149},"end":{"line":31,"column":224}},"22":{"start":{"line":31,"column":201},"end":{"line":31,"column":224}},"23":{"start":{"line":31,"column":229},"end":{"line":31,"column":253}},"24":{"start":{"line":31,"column":254},"end":{"line":31,"column":268}},"25":{"start":{"line":33,"column":0},"end":{"line":33,"column":240}},"26":{"start":{"line":33,"column":50},"end":{"line":33,"column":151}},"27":{"start":{"line":33,"column":63},"end":{"line":33,"column":149}},"28":{"start":{"line":33,"column":152},"end":{"line":33,"column":238}},"29":{"start":{"line":35,"column":0},"end":{"line":35,"column":494}},"30":{"start":{"line":35,"column":43},"end":{"line":35,"column":208}},"31":{"start":{"line":35,"column":106},"end":{"line":35,"column":206}},"32":{"start":{"line":35,"column":209},"end":{"line":35,"column":373}},"33":{"start":{"line":35,"column":374},"end":{"line":35,"column":492}},"34":{"start":{"line":35,"column":390},"end":{"line":35,"column":492}},"35":{"start":{"line":37,"column":0},"end":{"line":37,"column":153}},"36":{"start":{"line":37,"column":50},"end":{"line":37,"column":151}},"37":{"start":{"line":37,"column":92},"end":{"line":37,"column":149}},"38":{"start":{"line":40,"column":0},"end":{"line":374,"column":4}},"39":{"start":{"line":41,"column":2},"end":{"line":60,"column":3}},"40":{"start":{"line":42,"column":4},"end":{"line":42,"column":89}},"41":{"start":{"line":44,"column":4},"end":{"line":44,"column":31}},"42":{"start":{"line":46,"column":4},"end":{"line":46,"column":25}},"43":{"start":{"line":47,"column":4},"end":{"line":47,"column":56}},"44":{"start":{"line":48,"column":4},"end":{"line":48,"column":56}},"45":{"start":{"line":49,"column":4},"end":{"line":49,"column":66}},"46":{"start":{"line":50,"column":4},"end":{"line":52,"column":6}},"47":{"start":{"line":51,"column":6},"end":{"line":51,"column":24}},"48":{"start":{"line":53,"column":4},"end":{"line":53,"column":34}},"49":{"start":{"line":54,"column":4},"end":{"line":54,"column":21}},"50":{"start":{"line":55,"column":4},"end":{"line":55,"column":56}},"51":{"start":{"line":56,"column":4},"end":{"line":56,"column":27}},"52":{"start":{"line":57,"column":4},"end":{"line":57,"column":31}},"53":{"start":{"line":58,"column":4},"end":{"line":58,"column":28}},"54":{"start":{"line":59,"column":4},"end":{"line":59,"column":28}},"55":{"start":{"line":62,"column":2},"end":{"line":88,"column":6}},"56":{"start":{"line":63,"column":4},"end":{"line":85,"column":5}},"57":{"start":{"line":64,"column":6},"end":{"line":64,"column":23}},"58":{"start":{"line":66,"column":6},"end":{"line":84,"column":9}},"59":{"start":{"line":67,"column":8},"end":{"line":67,"column":58}},"60":{"start":{"line":70,"column":8},"end":{"line":77,"column":9}},"61":{"start":{"line":71,"column":10},"end":{"line":75,"column":12}},"62":{"start":{"line":76,"column":10},"end":{"line":76,"column":99}},"63":{"start":{"line":79,"column":8},"end":{"line":81,"column":9}},"64":{"start":{"line":80,"column":10},"end":{"line":80,"column":57}},"65":{"start":{"line":83,"column":8},"end":{"line":83,"column":79}},"66":{"start":{"line":87,"column":4},"end":{"line":87,"column":20}},"67":{"start":{"line":90,"column":2},"end":{"line":104,"column":6}},"68":{"start":{"line":91,"column":4},"end":{"line":101,"column":5}},"69":{"start":{"line":92,"column":6},"end":{"line":92,"column":45}},"70":{"start":{"line":93,"column":6},"end":{"line":93,"column":55}},"71":{"start":{"line":94,"column":6},"end":{"line":94,"column":73}},"72":{"start":{"line":96,"column":6},"end":{"line":98,"column":7}},"73":{"start":{"line":97,"column":8},"end":{"line":97,"column":41}},"74":{"start":{"line":100,"column":6},"end":{"line":100,"column":157}},"75":{"start":{"line":103,"column":4},"end":{"line":103,"column":30}},"76":{"start":{"line":106,"column":2},"end":{"line":138,"column":6}},"77":{"start":{"line":107,"column":4},"end":{"line":135,"column":5}},"78":{"start":{"line":108,"column":6},"end":{"line":108,"column":72}},"79":{"start":{"line":109,"column":6},"end":{"line":109,"column":55}},"80":{"start":{"line":110,"column":6},"end":{"line":110,"column":73}},"81":{"start":{"line":113,"column":6},"end":{"line":113,"column":46},"skip":true},"82":{"start":{"line":113,"column":22},"end":{"line":113,"column":46},"skip":true},"83":{"start":{"line":115,"column":6},"end":{"line":123,"column":7}},"84":{"start":{"line":116,"column":8},"end":{"line":120,"column":9}},"85":{"start":{"line":117,"column":10},"end":{"line":117,"column":162}},"86":{"start":{"line":119,"column":10},"end":{"line":119,"column":53}},"87":{"start":{"line":122,"column":8},"end":{"line":122,"column":42}},"88":{"start":{"line":125,"column":6},"end":{"line":127,"column":7}},"89":{"start":{"line":126,"column":8},"end":{"line":126,"column":43}},"90":{"start":{"line":129,"column":6},"end":{"line":129,"column":170}},"91":{"start":{"line":131,"column":6},"end":{"line":131,"column":39}},"92":{"start":{"line":132,"column":6},"end":{"line":132,"column":52}},"93":{"start":{"line":134,"column":6},"end":{"line":134,"column":27}},"94":{"start":{"line":137,"column":4},"end":{"line":137,"column":23}},"95":{"start":{"line":140,"column":2},"end":{"line":155,"column":6}},"96":{"start":{"line":141,"column":4},"end":{"line":152,"column":5}},"97":{"start":{"line":142,"column":6},"end":{"line":142,"column":39}},"98":{"start":{"line":144,"column":6},"end":{"line":146,"column":7}},"99":{"start":{"line":145,"column":8},"end":{"line":145,"column":46}},"100":{"start":{"line":148,"column":6},"end":{"line":151,"column":19}},"101":{"start":{"line":149,"column":8},"end":{"line":149,"column":45}},"102":{"start":{"line":150,"column":8},"end":{"line":150,"column":19}},"103":{"start":{"line":154,"column":4},"end":{"line":154,"column":27}},"104":{"start":{"line":157,"column":2},"end":{"line":163,"column":6}},"105":{"start":{"line":158,"column":4},"end":{"line":160,"column":5}},"106":{"start":{"line":159,"column":6},"end":{"line":159,"column":82}},"107":{"start":{"line":162,"column":4},"end":{"line":162,"column":24}},"108":{"start":{"line":165,"column":2},"end":{"line":236,"column":6}},"109":{"start":{"line":166,"column":4},"end":{"line":233,"column":5}},"110":{"start":{"line":167,"column":6},"end":{"line":167,"column":24}},"111":{"start":{"line":169,"column":6},"end":{"line":169,"column":94}},"112":{"start":{"line":171,"column":6},"end":{"line":171,"column":23}},"113":{"start":{"line":172,"column":6},"end":{"line":172,"column":109}},"114":{"start":{"line":174,"column":6},"end":{"line":214,"column":7}},"115":{"start":{"line":175,"column":8},"end":{"line":175,"column":66}},"116":{"start":{"line":177,"column":8},"end":{"line":205,"column":24}},"117":{"start":{"line":178,"column":10},"end":{"line":178,"column":53}},"118":{"start":{"line":180,"column":10},"end":{"line":188,"column":11}},"119":{"start":{"line":181,"column":12},"end":{"line":181,"column":52}},"120":{"start":{"line":183,"column":12},"end":{"line":185,"column":13}},"121":{"start":{"line":184,"column":14},"end":{"line":184,"column":45}},"122":{"start":{"line":187,"column":12},"end":{"line":187,"column":114}},"123":{"start":{"line":190,"column":10},"end":{"line":202,"column":14}},"124":{"start":{"line":191,"column":12},"end":{"line":199,"column":13}},"125":{"start":{"line":192,"column":14},"end":{"line":194,"column":15}},"126":{"start":{"line":193,"column":16},"end":{"line":193,"column":54}},"127":{"start":{"line":196,"column":14},"end":{"line":198,"column":17}},"128":{"start":{"line":197,"column":16},"end":{"line":197,"column":61}},"129":{"start":{"line":201,"column":12},"end":{"line":201,"column":35}},"130":{"start":{"line":204,"column":10},"end":{"line":204,"column":34}},"131":{"start":{"line":207,"column":8},"end":{"line":209,"column":9}},"132":{"start":{"line":208,"column":10},"end":{"line":208,"column":59}},"133":{"start":{"line":211,"column":8},"end":{"line":211,"column":119}},"134":{"start":{"line":213,"column":8},"end":{"line":213,"column":41}},"135":{"start":{"line":216,"column":6},"end":{"line":216,"column":50}},"136":{"start":{"line":218,"column":6},"end":{"line":230,"column":20}},"137":{"start":{"line":219,"column":8},"end":{"line":222,"column":9}},"138":{"start":{"line":220,"column":10},"end":{"line":220,"column":41}},"139":{"start":{"line":221,"column":10},"end":{"line":221,"column":17}},"140":{"start":{"line":225,"column":8},"end":{"line":225,"column":102}},"141":{"start":{"line":228,"column":8},"end":{"line":228,"column":58}},"142":{"start":{"line":229,"column":8},"end":{"line":229,"column":55}},"143":{"start":{"line":232,"column":6},"end":{"line":232,"column":23}},"144":{"start":{"line":235,"column":4},"end":{"line":235,"column":25}},"145":{"start":{"line":238,"column":2},"end":{"line":250,"column":6}},"146":{"start":{"line":239,"column":4},"end":{"line":247,"column":5}},"147":{"start":{"line":240,"column":6},"end":{"line":242,"column":7}},"148":{"start":{"line":241,"column":8},"end":{"line":241,"column":45}},"149":{"start":{"line":244,"column":6},"end":{"line":244,"column":60}},"150":{"start":{"line":245,"column":6},"end":{"line":245,"column":43}},"151":{"start":{"line":246,"column":6},"end":{"line":246,"column":35}},"152":{"start":{"line":249,"column":4},"end":{"line":249,"column":24}},"153":{"start":{"line":252,"column":2},"end":{"line":261,"column":6}},"154":{"start":{"line":253,"column":4},"end":{"line":258,"column":5}},"155":{"start":{"line":254,"column":6},"end":{"line":257,"column":9}},"156":{"start":{"line":255,"column":8},"end":{"line":255,"column":40}},"157":{"start":{"line":256,"column":8},"end":{"line":256,"column":31}},"158":{"start":{"line":260,"column":4},"end":{"line":260,"column":20}},"159":{"start":{"line":263,"column":2},"end":{"line":278,"column":6}},"160":{"start":{"line":264,"column":4},"end":{"line":275,"column":5}},"161":{"start":{"line":265,"column":6},"end":{"line":267,"column":7}},"162":{"start":{"line":266,"column":8},"end":{"line":266,"column":45}},"163":{"start":{"line":269,"column":6},"end":{"line":269,"column":138}},"164":{"start":{"line":271,"column":6},"end":{"line":274,"column":9}},"165":{"start":{"line":272,"column":8},"end":{"line":272,"column":36}},"166":{"start":{"line":273,"column":8},"end":{"line":273,"column":31}},"167":{"start":{"line":277,"column":4},"end":{"line":277,"column":19}},"168":{"start":{"line":280,"column":2},"end":{"line":288,"column":6}},"169":{"start":{"line":281,"column":4},"end":{"line":285,"column":5}},"170":{"start":{"line":282,"column":6},"end":{"line":282,"column":64}},"171":{"start":{"line":283,"column":6},"end":{"line":283,"column":21}},"172":{"start":{"line":284,"column":6},"end":{"line":284,"column":19}},"173":{"start":{"line":287,"column":4},"end":{"line":287,"column":17}},"174":{"start":{"line":290,"column":2},"end":{"line":299,"column":6}},"175":{"start":{"line":291,"column":4},"end":{"line":296,"column":5}},"176":{"start":{"line":292,"column":6},"end":{"line":295,"column":9}},"177":{"start":{"line":293,"column":8},"end":{"line":293,"column":48}},"178":{"start":{"line":294,"column":8},"end":{"line":294,"column":31}},"179":{"start":{"line":298,"column":4},"end":{"line":298,"column":21}},"180":{"start":{"line":301,"column":2},"end":{"line":312,"column":6}},"181":{"start":{"line":302,"column":4},"end":{"line":309,"column":5}},"182":{"start":{"line":303,"column":6},"end":{"line":303,"column":20}},"183":{"start":{"line":304,"column":6},"end":{"line":306,"column":7}},"184":{"start":{"line":305,"column":8},"end":{"line":305,"column":72}},"185":{"start":{"line":307,"column":6},"end":{"line":307,"column":44}},"186":{"start":{"line":308,"column":6},"end":{"line":308,"column":34}},"187":{"start":{"line":311,"column":4},"end":{"line":311,"column":19}},"188":{"start":{"line":316,"column":2},"end":{"line":326,"column":6}},"189":{"start":{"line":317,"column":4},"end":{"line":323,"column":5}},"190":{"start":{"line":318,"column":6},"end":{"line":320,"column":7}},"191":{"start":{"line":319,"column":8},"end":{"line":319,"column":43}},"192":{"start":{"line":322,"column":6},"end":{"line":322,"column":166}},"193":{"start":{"line":325,"column":4},"end":{"line":325,"column":22}},"194":{"start":{"line":328,"column":2},"end":{"line":338,"column":6}},"195":{"start":{"line":329,"column":4},"end":{"line":335,"column":5}},"196":{"start":{"line":330,"column":6},"end":{"line":332,"column":7}},"197":{"start":{"line":331,"column":8},"end":{"line":331,"column":45}},"198":{"start":{"line":334,"column":6},"end":{"line":334,"column":68}},"199":{"start":{"line":337,"column":4},"end":{"line":337,"column":20}},"200":{"start":{"line":340,"column":2},"end":{"line":346,"column":6}},"201":{"start":{"line":341,"column":4},"end":{"line":343,"column":5}},"202":{"start":{"line":342,"column":6},"end":{"line":342,"column":32}},"203":{"start":{"line":345,"column":4},"end":{"line":345,"column":22}},"204":{"start":{"line":348,"column":2},"end":{"line":354,"column":6}},"205":{"start":{"line":349,"column":4},"end":{"line":351,"column":5}},"206":{"start":{"line":350,"column":6},"end":{"line":350,"column":31}},"207":{"start":{"line":353,"column":4},"end":{"line":353,"column":20}},"208":{"start":{"line":356,"column":2},"end":{"line":371,"column":6}},"209":{"start":{"line":357,"column":4},"end":{"line":368,"column":5}},"210":{"start":{"line":358,"column":6},"end":{"line":358,"column":29}},"211":{"start":{"line":359,"column":6},"end":{"line":359,"column":24}},"212":{"start":{"line":360,"column":6},"end":{"line":362,"column":7}},"213":{"start":{"line":361,"column":8},"end":{"line":361,"column":25}},"214":{"start":{"line":363,"column":6},"end":{"line":366,"column":7}},"215":{"start":{"line":364,"column":8},"end":{"line":364,"column":42}},"216":{"start":{"line":365,"column":8},"end":{"line":365,"column":52}},"217":{"start":{"line":367,"column":6},"end":{"line":367,"column":17}},"218":{"start":{"line":370,"column":4},"end":{"line":370,"column":17}},"219":{"start":{"line":373,"column":2},"end":{"line":373,"column":13}},"220":{"start":{"line":376,"column":0},"end":{"line":376,"column":25}},"221":{"start":{"line":377,"column":0},"end":{"line":377,"column":36}}},"branchMap":{"1":{"line":29,"type":"cond-expr","locations":[{"start":{"line":29,"column":70},"end":{"line":29,"column":73}},{"start":{"line":29,"column":76},"end":{"line":29,"column":94}}]},"2":{"line":29,"type":"binary-expr","locations":[{"start":{"line":29,"column":46},"end":{"line":29,"column":49}},{"start":{"line":29,"column":53},"end":{"line":29,"column":67}}]},"3":{"line":31,"type":"if","locations":[{"start":{"line":31,"column":40},"end":{"line":31,"column":40}},{"start":{"line":31,"column":40},"end":{"line":31,"column":40}}]},"4":{"line":31,"type":"binary-expr","locations":[{"start":{"line":31,"column":44},"end":{"line":31,"column":47}},{"start":{"line":31,"column":51},"end":{"line":31,"column":65}}]},"5":{"line":31,"type":"if","locations":[{"start":{"line":31,"column":107},"end":{"line":31,"column":107}},{"start":{"line":31,"column":107},"end":{"line":31,"column":107}}]},"6":{"line":31,"type":"if","locations":[{"start":{"line":31,"column":149},"end":{"line":31,"column":149}},{"start":{"line":31,"column":149},"end":{"line":31,"column":149}}]},"7":{"line":33,"type":"if","locations":[{"start":{"line":33,"column":50},"end":{"line":33,"column":50}},{"start":{"line":33,"column":50},"end":{"line":33,"column":50}}]},"8":{"line":33,"type":"cond-expr","locations":[{"start":{"line":33,"column":226},"end":{"line":33,"column":230}},{"start":{"line":33,"column":233},"end":{"line":33,"column":237}}]},"9":{"line":33,"type":"binary-expr","locations":[{"start":{"line":33,"column":159},"end":{"line":33,"column":163}},{"start":{"line":33,"column":168},"end":{"line":33,"column":192}},{"start":{"line":33,"column":196},"end":{"line":33,"column":222}}]},"10":{"line":35,"type":"if","locations":[{"start":{"line":35,"column":43},"end":{"line":35,"column":43}},{"start":{"line":35,"column":43},"end":{"line":35,"column":43}}]},"11":{"line":35,"type":"binary-expr","locations":[{"start":{"line":35,"column":47},"end":{"line":35,"column":79}},{"start":{"line":35,"column":83},"end":{"line":35,"column":102}}]},"12":{"line":35,"type":"binary-expr","locations":[{"start":{"line":35,"column":244},"end":{"line":35,"column":254}},{"start":{"line":35,"column":258},"end":{"line":35,"column":278}}]},"13":{"line":35,"type":"if","locations":[{"start":{"line":35,"column":374},"end":{"line":35,"column":374}},{"start":{"line":35,"column":374},"end":{"line":35,"column":374}}]},"14":{"line":35,"type":"cond-expr","locations":[{"start":{"line":35,"column":414},"end":{"line":35,"column":457}},{"start":{"line":35,"column":460},"end":{"line":35,"column":491}}]},"15":{"line":37,"type":"if","locations":[{"start":{"line":37,"column":50},"end":{"line":37,"column":50}},{"start":{"line":37,"column":50},"end":{"line":37,"column":50}}]},"16":{"line":42,"type":"cond-expr","locations":[{"start":{"line":42,"column":71},"end":{"line":42,"column":73}},{"start":{"line":42,"column":76},"end":{"line":42,"column":88}}]},"17":{"line":42,"type":"binary-expr","locations":[{"start":{"line":42,"column":17},"end":{"line":42,"column":38}},{"start":{"line":42,"column":42},"end":{"line":42,"column":68}}]},"18":{"line":47,"type":"binary-expr","locations":[{"start":{"line":47,"column":21},"end":{"line":47,"column":37}},{"start":{"line":47,"column":41},"end":{"line":47,"column":55}}]},"19":{"line":48,"type":"binary-expr","locations":[{"start":{"line":48,"column":23},"end":{"line":48,"column":41}},{"start":{"line":48,"column":45},"end":{"line":48,"column":55}}]},"20":{"line":49,"type":"binary-expr","locations":[{"start":{"line":49,"column":22},"end":{"line":49,"column":39}},{"start":{"line":49,"column":43},"end":{"line":49,"column":65}}]},"21":{"line":50,"type":"binary-expr","locations":[{"start":{"line":50,"column":28},"end":{"line":50,"column":51}},{"start":{"line":50,"column":55},"end":{"line":52,"column":5}}]},"22":{"line":55,"type":"binary-expr","locations":[{"start":{"line":55,"column":27},"end":{"line":55,"column":49}},{"start":{"line":55,"column":53},"end":{"line":55,"column":55}}]},"23":{"line":70,"type":"if","locations":[{"start":{"line":70,"column":8},"end":{"line":70,"column":8}},{"start":{"line":70,"column":8},"end":{"line":70,"column":8}}]},"24":{"line":70,"type":"binary-expr","locations":[{"start":{"line":70,"column":12},"end":{"line":70,"column":41}},{"start":{"line":70,"column":45},"end":{"line":70,"column":77}}]},"25":{"line":79,"type":"if","locations":[{"start":{"line":79,"column":8},"end":{"line":79,"column":8}},{"start":{"line":79,"column":8},"end":{"line":79,"column":8}}]},"26":{"line":79,"type":"binary-expr","locations":[{"start":{"line":79,"column":12},"end":{"line":79,"column":21}},{"start":{"line":79,"column":25},"end":{"line":79,"column":40}}]},"27":{"line":92,"type":"binary-expr","locations":[{"start":{"line":92,"column":16},"end":{"line":92,"column":38}},{"start":{"line":92,"column":42},"end":{"line":92,"column":44}}]},"28":{"line":100,"type":"cond-expr","locations":[{"start":{"line":100,"column":36},"end":{"line":100,"column":108}},{"start":{"line":100,"column":111},"end":{"line":100,"column":156}}]},"29":{"line":108,"type":"binary-expr","locations":[{"start":{"line":108,"column":16},"end":{"line":108,"column":20}},{"start":{"line":108,"column":24},"end":{"line":108,"column":46}},{"start":{"line":108,"column":50},"end":{"line":108,"column":65}},{"start":{"line":108,"column":69},"end":{"line":108,"column":71}}]},"30":{"line":113,"type":"if","locations":[{"start":{"line":113,"column":6},"end":{"line":113,"column":6},"skip":true},{"start":{"line":113,"column":6},"end":{"line":113,"column":6},"skip":true}]},"31":{"line":115,"type":"if","locations":[{"start":{"line":115,"column":6},"end":{"line":115,"column":6}},{"start":{"line":115,"column":6},"end":{"line":115,"column":6}}]},"32":{"line":115,"type":"binary-expr","locations":[{"start":{"line":115,"column":10},"end":{"line":115,"column":26}},{"start":{"line":115,"column":30},"end":{"line":115,"column":34}}]},"33":{"line":1
[...]
2":0,"116":0,"117":0,"120":0,"123":0,"124":0,"126":1,"127":0,"130":0,"135":1,"138":1,"139":0,"141":0,"142":0,"143":0,"146":0,"150":1,"153":1,"154":0,"157":1,"160":1,"161":0,"162":0,"163":0,"164":0,"167":1,"170":1,"171":0,"172":0,"174":0,"175":0,"179":0,"180":0,"181":0,"182":0,"185":1,"188":1,"189":0,"191":0,"192":0,"193":0,"194":0,"197":0,"199":0,"202":0,"203":0,"204":0,"209":1,"212":1,"213":0,"215":0,"216":0,"218":0,"219":0,"222":0,"223":0,"224":0,"227":0,"232":1,"236":1,"237":1}},"/home/travis/build/npmtest/node-npmtest-alt/node_modules/alt/lib/actions/index.js":{"path":"/home/travis/build/npmtest/node-npmtest-alt/node_modules/alt/lib/actions/index.js","s":{"1":1,"2":1,"3":1,"4":1,"5":1,"6":1,"7":1,"8":1,"9":1,"10":1,"11":1,"12":2,"13":2,"14":0,"15":0,"16":0,"17":0,"18":0,"19":0,"20":0,"21":1,"22":0,"23":0,"24":0,"25":0,"26":0,"27":0,"28":0,"29":0,"30":0,"31":0,"32":0,"33":0,"34":0,"35":0,"36":0,"37":0,"38":0,"39":0,"40":0,"41":0,"42":0,"43":0,"44":0,"45":0,"46":0,"47":0,"48":0,"49":0,"50":0,"51":0,"52":1},"b":{"1":[0,1],"2":[1,1],"3":[2,0],"4":[2,2],"5":[0,0],"6":[0,0],"7":[0,0],"8":[0,0],"9":[0,0],"10":[0,0]},"f":{"1":1,"2":2,"3":0,"4":0,"5":0,"6":0,"7":0},"fnMap":{"1":{"name":"_interopRequireDefault","line":20,"loc":{"start":{"line":20,"column":0},"end":{"line":20,"column":37}}},"2":{"name":"_interopRequireWildcard","line":22,"loc":{"start":{"line":22,"column":0},"end":{"line":22,"column":38}}},"3":{"name":"makeAction","line":24,"loc":{"start":{"line":24,"column":0},"end":{"line":24,"column":63}}},"4":{"name":"dispatch","line":30,"loc":{"start":{"line":30,"column":17},"end":{"line":30,"column":44}}},"5":{"name":"action","line":35,"loc":{"start":{"line":35,"column":15},"end":{"line":35,"column":33}}},"6":{"name":"(anonymous_6)","line":59,"loc":{"start":{"line":59,"column":17},"end":{"line":59,"column":29}}},"7":{"name":"(anonymous_7)","line":64,"loc":{"start":{"line":64,"column":22},"end":{"line":64,"column":34}}}},"statementMap":{"1":{"start":{"line":3,"column":0},"end":{"line":5,"column":3}},"2":{"start":{"line":6,"column":0},"end":{"line":6,"column":32}},"3":{"start":{"line":8,"column":0},"end":{"line":8,"column":41}},"4":{"start":{"line":10,"column":0},"end":{"line":10,"column":45}},"5":{"start":{"line":12,"column":0},"end":{"line":12,"column":45}},"6":{"start":{"line":14,"column":0},"end":{"line":14,"column":47}},"7":{"start":{"line":16,"column":0},"end":{"line":16,"column":39}},"8":{"start":{"line":18,"column":0},"end":{"line":18,"column":53}},"9":{"start":{"line":20,"column":0},"end":{"line":20,"column":97}},"10":{"start":{"line":20,"column":39},"end":{"line":20,"column":95}},"11":{"start":{"line":22,"column":0},"end":{"line":22,"column":272}},"12":{"start":{"line":22,"column":40},"end":{"line":22,"column":270}},"13":{"start":{"line":22,"column":69},"end":{"line":22,"column":80}},"14":{"start":{"line":22,"column":90},"end":{"line":22,"column":106}},"15":{"start":{"line":22,"column":107},"end":{"line":22,"column":228}},"16":{"start":{"line":22,"column":126},"end":{"line":22,"column":226}},"17":{"start":{"line":22,"column":149},"end":{"line":22,"column":224}},"18":{"start":{"line":22,"column":201},"end":{"line":22,"column":224}},"19":{"start":{"line":22,"column":229},"end":{"line":22,"column":253}},"20":{"start":{"line":22,"column":254},"end":{"line":22,"column":268}},"21":{"start":{"line":24,"column":0},"end":{"line":81,"column":1}},"22":{"start":{"line":25,"column":2},"end":{"line":25,"column":83}},"23":{"start":{"line":26,"column":2},"end":{"line":26,"column":31}},"24":{"start":{"line":28,"column":2},"end":{"line":28,"column":58}},"25":{"start":{"line":30,"column":2},"end":{"line":32,"column":4}},"26":{"start":{"line":31,"column":4},"end":{"line":31,"column":43}},"27":{"start":{"line":35,"column":2},"end":{"line":58,"column":4}},"28":{"start":{"line":36,"column":4},"end":{"line":38,"column":5}},"29":{"start":{"line":37,"column":6},"end":{"line":37,"column":35}},"30":{"start":{"line":40,"column":4},"end":{"line":40,"column":59}},"31":{"start":{"line":41,"column":4},"end":{"line":41,"column":40}},"32":{"start":{"line":44,"column":4},"end":{"line":51,"column":5}},"33":{"start":{"line":45,"column":6},"end":{"line":50,"column":7}},"34":{"start":{"line":47,"column":8},"end":{"line":47,"column":55}},"35":{"start":{"line":49,"column":8},"end":{"line":49,"column":35}},"36":{"start":{"line":53,"column":4},"end":{"line":55,"column":5}},"37":{"start":{"line":54,"column":6},"end":{"line":54,"column":68}},"38":{"start":{"line":57,"column":4},"end":{"line":57,"column":24}},"39":{"start":{"line":59,"column":2},"end":{"line":67,"column":4}},"40":{"start":{"line":60,"column":4},"end":{"line":62,"column":5}},"41":{"start":{"line":61,"column":6},"end":{"line":61,"column":37}},"42":{"start":{"line":64,"column":4},"end":{"line":66,"column":7}},"43":{"start":{"line":65,"column":6},"end":{"line":65,"column":38}},"44":{"start":{"line":68,"column":2},"end":{"line":68,"column":17}},"45":{"start":{"line":69,"column":2},"end":{"line":69,"column":21}},"46":{"start":{"line":72,"column":2},"end":{"line":72,"column":41}},"47":{"start":{"line":73,"column":2},"end":{"line":73,"column":47}},"48":{"start":{"line":74,"column":2},"end":{"line":74,"column":34}},"49":{"start":{"line":77,"column":2},"end":{"line":77,"column":53}},"50":{"start":{"line":78,"column":2},"end":{"line":78,"column":27}},"51":{"start":{"line":80,"column":2},"end":{"line":80,"column":16}},"52":{"start":{"line":82,"column":0},"end":{"line":82,"column":36}}},"branchMap":{"1":{"line":20,"type":"cond-expr","locations":[{"start":{"line":20,"column":70},"end":{"line":20,"column":73}},{"start":{"line":20,"column":76},"end":{"line":20,"column":94}}]},"2":{"line":20,"type":"binary-expr","locations":[{"start":{"line":20,"column":46},"end":{"line":20,"column":49}},{"start":{"line":20,"column":53},"end":{"line":20,"column":67}}]},"3":{"line":22,"type":"if","locations":[{"start":{"line":22,"column":40},"end":{"line":22,"column":40}},{"start":{"line":22,"column":40},"end":{"line":22,"column":40}}]},"4":{"line":22,"type":"binary-expr","locations":[{"start":{"line":22,"column":44},"end":{"line":22,"column":47}},{"start":{"line":22,"column":51},"end":{"line":22,"column":65}}]},"5":{"line":22,"type":"if","locations":[{"start":{"line":22,"column":107},"end":{"line":22,"column":107}},{"start":{"line":22,"column":107},"end":{"line":22,"column":107}}]},"6":{"line":22,"type":"if","locations":[{"start":{"line":22,"column":149},"end":{"line":22,"column":149}},{"start":{"line":22,"column":149},"end":{"line":22,"column":149}}]},"7":{"line":44,"type":"if","locations":[{"start":{"line":44,"column":4},"end":{"line":44,"column":4}},{"start":{"line":44,"column":4},"end":{"line":44,"column":4}}]},"8":{"line":44,"type":"binary-expr","locations":[{"start":{"line":44,"column":8},"end":{"line":44,"column":38}},{"start":{"line":44,"column":42},"end":{"line":44,"column":88}}]},"9":{"line":45,"type":"if","locations":[{"start":{"line":45,"column":6},"end":{"line":45,"column":6}},{"start":{"line":45,"column":6},"end":{"line":45,"column":6}}]},"10":{"line":53,"type":"if","locations":[{"start":{"line":53,"column":4},"end":{"line":53,"column":4}},{"start":{"line":53,"column":4},"end":{"line":53,"column":4}}]}},"code":["'use strict';","","Object.defineProperty(exports, \"__esModule\", {","  value: true","});","exports['default'] = makeAction;","","var _functions = require('../functions');","","var fn = _interopRequireWildcard(_functions);","","var _AltUtils = require('../utils/AltUtils');","","var utils = _interopRequireWildcard(_AltUtils);","","var _isPromise = require('is-promise');","","var _isPromise2 = _interopRequireDefault(_isPromise);","","function _interopRequireDefault(obj) { return obj && obj.__esModule ? obj : { 'default': obj }; }","","function _interopRequireWildcard(obj) { if (obj && obj.__esModule) { return obj; } else { var newObj = {}; if (obj != null) { for (var key in obj) { if (Object.prototype.hasOwnProperty.call(obj, key)) newObj[key] = obj[key]; } } newObj['default'] = obj; return newObj; } }","","function makeAction(alt, namespace, name, implementation, obj) {","  var id = utils.uid(alt._actionsRegistry, String(namespace) + '.' + String(name));","  alt._actionsRegistry[id] = 1;","","  var data = { id: id, namespace: namespace, name: name };","","  var dispatch = function dispatch(payload) {","    return alt.dispatch(id, payload, data);","  };","","  // the action itself","  var action = function action() {","    for (var _len = arguments.length, args = Array(_len), _key = 0; _key < _len; _key++) {","      args[_key] = arguments[_key];","    }","","    var invocationResult = implementation.apply(obj, args);","    var actionResult = invocationResult;","","    // async functions that return promises should not be dispatched","    if (invocationResult !== undefined && !(0, _isPromise2['default'])(invocationResult)) {","      if (fn.isFunction(invocationResult)) {","        // inner function result should be returned as an action result","        actionResult = invocationResult(dispatch, alt);","      } else {","        dispatch(invocationResult);","      }","    }","","    if (invocationResult === undefined) {","      utils.warn('An action was called but nothing was dispatched');","    }","","    return actionResult;","  };","  action.defer = function () {","    for (var _len2 = arguments.length, args = Array(_len2), _key2 = 0; _key2 < _len2; _key2++) {","      args[_key2] = arguments[_key2];","    }","","    return setTimeout(function () {","      return action.apply(null, args);","    });","  };","  action.id = id;","  action.data = data;","","  // ensure each reference is unique in the namespace","  var container = alt.actions[namespace];","  var namespaceId = utils.uid(container, name);","  container[namespaceId] = action;","","  // generate a constant","  var constant = utils.formatAsConstant(namespaceId);","  container[constant] = id;","","  return action;","}","module.exports = exports['default'];"],"l":{"3":1,"6":1,"8":1,"10":1,"12":1,"14":1,"16":1,"18":1,"20":1,"22":2,"24":1,"25":0,"26":0,"28":0,"30":0,"31":0,"35":0,"36":0,"37":0,"40":0,"41":0,"44":0,"45":0,"47":0,"49":0,"53":0,"54":0,"57":0,"59":0,"60":0,"61":0,"64":0,"65":0,"68":0,"69":0,"72":0,"73":0,"74":0,"77":0,"78":0,"80":0,"82":1}},"/home/travis/build/npmtest/node-npmtest-alt/node_modules/alt/scripts/this-dispatch-to-return.js":{"path":"/home/travis/build/npmtest/node-npmtest-alt/node_modules/alt/scripts/this-dispatch-to-return.js","s":{"1":1,"2":0,"3":1,"4":0,"5":1,"6":0,"7":0,"8":1,"9":0,"10":0,"11":1,"12":0,"13":0,"14":1,"15":0,"16":1,"17":0,"18":1,"19":0,"20":1,"21":0,"22":0,"23":0,"24":0,"25":0,"26":0,"27":0,"28":0,"29":0,"30":0,"31":0,"32":0,"33":0,"34":0,"35":0,"36":0,"37":0,"38":0,"39":0,"40":0,"41":0,"42":0,"43":0,"44":0,"45":0},"b":{"1":[0,0,0,0],"2":[0,0,0,0],"3":[0,0],"4":[0,0],"5":[0,0],"6":[0,0],"7":[0,0],"8":[0,0],"9":[0,0],"10":[0,0],"11":[0,0]},"f":{},"fnMap":{},"statementMap":{"1":{"start":{"line":1,"column":0},"end":{"line":7,"column":1}},"2":{"start":{"line":2,"column":2},"end":{"line":6,"column":48}},"3":{"start":{"line":9,"column":0},"end":{"line":14,"column":1}},"4":{"start":{"line":10,"column":2},"end":{"line":13,"column":47}},"5":{"start":{"line":16,"column":0},"end":{"line":18,"column":1}},"6":{"start":{"line":16,"column":36},"end":{"line":18,"column":1}},"7":{"start":{"line":17,"column":2},"end":{"line":17,"column":67}},"8":{"start":{"line":20,"column":0},"end":{"line":22,"column":1}},"9":{"start":{"line":20,"column":34},"end":{"line":22,"column":1}},"10":{"start":{"line":21,"column":2},"end":{"line":21,"column":81}},"11":{"start":{"line":24,"column":0},"end":{"line":26,"column":1}},"12":{"start":{"line":24,"column":30},"end":{"line":26,"column":1}},"13":{"start":{"line":25,"column":2},"end":{"line":25,"column":79}},"14":{"start":{"line":28,"column":0},"end":{"line":30,"column":1}},"15":{"start":{"line":29,"column":2},"end":{"line":29,"column":55}},"16":{"start":{"line":32,"column":0},"end":{"line":34,"column":1}},"17":{"start":{"line":33,"column":2},"end":{"line":33,"column":60}},"18":{"start":{"line":36,"column":0},"end":{"line":50,"column":1}},"19":{"start":{"line":37,"column":2},"end":{"line":49,"column":4}},"20":{"start":{"line":52,"column":0},"end":{"line":101,"column":1}},"21":{"start":{"line":53,"column":2},"end":{"line":53,"column":27}},"22":{"start":{"line":54,"column":2},"end":{"line":54,"column":29}},"23":{"start":{"line":56,"column":2},"end":{"line":98,"column":4}},"24":{"start":{"line":58,"column":4},"end":{"line":60,"column":5}},"25":{"start":{"line":59,"column":6},"end":{"line":59,"column":12}},"26":{"start":{"line":63,"column":4},"end":{"line":63,"column":50}},"27":{"start":{"line":64,"column":4},"end":{"line":64,"column":106}},"28":{"start":{"line":64,"column":58},"end":{"line":64,"column":98}},"29":{"start":{"line":66,"column":4},"end":{"line":94,"column":5}},"30":{"start":{"line":67,"column":6},"end":{"line":67,"column":27}},"31":{"start":{"line":68,"column":6},"end":{"line":68,"column":59}},"32":{"start":{"line":70,"column":11},"end":{"line":94,"column":5}},"33":{"start":{"line":71,"column":6},"end":{"line":71,"column":63}},"34":{"start":{"line":72,"column":6},"end":{"line":76,"column":7}},"35":{"start":{"line":73,"column":8},"end":{"line":73,"column":114}},"36":{"start":{"line":75,"column":8},"end":{"line":75,"column":98}},"37":{"start":{"line":80,"column":11},"end":{"line":94,"column":5}},"38":{"start":{"line":81,"column":6},"end":{"line":81,"column":27}},"39":{"start":{"line":82,"column":6},"end":{"line":82,"column":59}},"40":{"start":{"line":87,"column":6},"end":{"line":93,"column":7}},"41":{"start":{"line":88,"column":8},"end":{"line":88,"column":63}},"42":{"start":{"line":91,"column":8},"end":{"line":91,"column":29}},"43":{"start":{"line":92,"column":8},"end":{"line":92,"column":61}},"44":{"start":{"line":97,"column":4},"end":{"line":97,"column":63}},"45":{"start":{"line":100,"column":2},"end":{"line":100,"column":43}}},"branchMap":{"1":{"line":2,"type":"binary-expr","locations":[{"start":{"line":2,"column":2},"end":{"line":2,"column":38}},{"start":{"line":3,"column":2},"end":{"line":3,"column":47}},{"start":{"line":5,"column":2},"end":{"line":5,"column":50}},{"start":{"line":6,"column":2},"end":{"line":6,"column":48}}]},"2":{"line":10,"type":"binary-expr","locations":[{"start":{"line":10,"column":2},"end":{"line":10,"column":40}},{"start":{"line":11,"column":2},"end":{"line":11,"column":47}},{"start":{"line":12,"column":2},"end":{"line":12,"column":50}},{"start":{"line":13,"column":2},"end":{"line":13,"column":47}}]},"3":{"line":17,"type":"binary-expr","locations":[{"start":{"line":17,"column":37},"end":{"line":17,"column":57}},{"start":{"line":17,"column":61},"end":{"line":17,"column":65}}]},"4":{"line":58,"type":"if","locations":[{"start":{"line":58,"column":4},"end":{"line":58,"column":4}},{"start":{"line":58,"column":4},"end":{"line":58,"column":4}}]},"5":{"line":58,"type":"binary-expr","locations":[{"start":{"line":58,"column":8},"end":{"line":58,"column":50}},{"start":{"line":58,"column":54},"end":{"line":58,"column":91}}]},"6":{"line":66,"type":"if","locations":[{"start":{"line":66,"column":4},"end":{"line":66,"column":4}},{"start":{"line":66,"column":4},"end":{"line":66,"column":4}}]},"7":{"line":66,"type":"binary-expr","locations":[{"start":{"line":66,"column":8},"end":{"line":66,"column":26}},{"start":{"line":66,"column":30},"end":{"line":66,"column":44}}]},"8":{"line":70,"type":"if","locations":[{"start":{"line":70,"column":11},"end":{"line":70,"column":11}},{"start":{"line":70,"column":11},"end":{"line":70,"column":11}}]},"9":{"line":72,"type":"if","locations":[{"start":{"line":72,"column":6},"end":{"line":72,"column":6}},{"start":{"line":72,"column":6},"end":{"line":72,"column":6}}]},"10":{"line":80,"type":"if","locations":[{"start":{"line":80,"column":11},"end":{"line":80,"column":11}},{"start":{"line":80,"column":11},"end":{"line":80,"column":11}}]},"11":{"line":87,"type":"if","locations":[{"start":{"line":87,"column":6},"end":{"line":87,"column":6}},{"start":{"line":87,"column":6},"end":{"line":87,"column":6}}]}},"code":["const isDispatch = path => (","  path.value.type === 'CallExpression' &&","  path.value.callee.type === 'MemberExpression' &&","//  path.value.callee.object.type === 'ThisExpression' && // commented out so we support var self = this; self.dispatch();","  path.value.callee.property.type === 'Identifier' &&","  path.value.callee.property.name === 'dispatch'",")","","const isThisActions = path => (","  path.value.type === 'MemberExpression' &&","  path.value.object.type === 'MemberExpression' &&","  path.value.object.property.type === 'Identifier' &&","  path.value.object.property.name === 'actions'",")","","const updateDispatchToReturn = j => (p) => {","  j(p).replaceWith(j.returnStatement(p.value.arguments[0] || null))","}","","const updateDispatchToCall = j => (p) => {","  j(p).replaceWith(j.callExpression(j.identifier('dispatch'), p.value.arguments))","}","","const updateToJustThis = j => (p) => {","  j(p).replaceWith(j.memberExpression(p.value.object.object, p.value.property))","}","","const findDispatches = (j, p) => {","  return j(p).find(j.CallExpression).filter(isDispatch)","}","","const findThisActionReferences = (j, p) => {","  return j(p).find(j.MemberExpression).filter(isThisActions)","}","","const replaceFunction = (j, p) => {","  j(p).replaceWith(j.functionExpression(","    null,","    p.value.params,","    j.blockStatement([","      j.returnStatement(","        j.functionExpression(","          null,","          [j.identifier('dispatch')],","          j.blockStatement(p.value.body.body)","        )","      )","    ])","  ))","}","","module.exports = (file, api) => {","  const j = api.jscodeshift","  const root = j(file.source)","","  root.find(j.FunctionExpression).forEach((p) => {","    // ignore constructors","    if (p.parent.value.type === 'MethodDefinition' && p.parent.value.kind === 'constructor') {","      return","    }","","    // find all dispatches that are inside the function","    const dispatches = findDispatches(j, p).size()","    const withinParent = findDispatches(j, p).filter(x => x.parent.parent.parent.value === p.value).size()","","    if (withinParent === 0 && dispatches > 0) {","      replaceFunction(j, p)","      findDispatches(j, p).forEach(updateDispatchToCall(j))","","    } else if (dispatches === 0) {","      const hasReturn = j(p).find(j.ReturnStatement).size() > 0","      if (hasReturn) {","        console.warn('Could not transform function because it returned', 'at line', p.parent.value.loc.start.line)","      } else {","        console.warn('This function does not dispatch?', 'at line', p.parent.value.loc.start.line)","      }","","    // if there are multiple dispatches happening then we'll need to return a","    // dispatch function and update this.dispatch to a dispatch call","    } else if (dispatches > 1) {","      replaceFunction(j, p)","      findDispatches(j, p).forEach(updateDispatchToCall(j))","","    // if there's a single dispatch then it's ok to return to dispatch","    } else {","      // if its the only statement within the function","      if (p.value.body.body.length === 1) {","        findDispatches(j, p).forEach(updateDispatchToReturn(j))","      // otherwise lets run the function","      } else {","        replaceFunction(j, p)","        findDispatches(j, p).forEach(updateDispatchToCall(j))","      }","    }","","    // Also find any mentions to `this.actions`","    findThisActionReferences(j, p).forEach(updateToJustThis(j))","  })","","  return root.toSource({ quote: 'single' })","}",""],"l":{"1":1,"2":0,"9":1,"10":0,"16":1,"17":0,"20":1,"21":0,"24":1,"25":0,"28":1,"29":0,"32":1,"33":0,"36":1,"37":0,"52":1,"53":0,"54":0,"56":0,"58":0,"59":0,"63":0,"64":0,"66":0,"67":0,"68":0,"70":0,"71":0,"72":0,"73":0,"75":0,"80":0,"81":0,"82":0,"87":0,"88":0,"91":0,"92":0,"97":0,"100":0}}}